<?xml version="1.0" encoding="UTF-8"?>
<testsuite name="com.fedex.aggregation.service.AggregationIntegrationTest" tests="5" skipped="0" failures="5" errors="0" timestamp="2023-04-22T11:51:22" hostname="Ferhats-MacBook-Pro.local" time="346.431">
  <properties/>
  <testcase name="testAggregationOnlyTrackRequestParams()" classname="com.fedex.aggregation.service.AggregationIntegrationTest" time="89.533">
    <failure message="java.lang.RuntimeException: org.testcontainers.containers.ContainerLaunchException: Timed out waiting for container port to open (localhost ports: [8080, 57162] should be listening)" type="java.lang.RuntimeException">java.lang.RuntimeException: org.testcontainers.containers.ContainerLaunchException: Timed out waiting for container port to open (localhost ports: [8080, 57162] should be listening)
	at org.rnorth.ducttape.timeouts.Timeouts.callFuture(Timeouts.java:68)
	at org.rnorth.ducttape.timeouts.Timeouts.doWithTimeout(Timeouts.java:60)
	at org.testcontainers.containers.wait.strategy.WaitAllStrategy.waitUntilReady(WaitAllStrategy.java:54)
	at org.testcontainers.containers.DockerComposeContainer.waitUntilServiceStarted(DockerComposeContainer.java:316)
	at java.base/java.util.concurrent.ConcurrentHashMap.forEach(ConcurrentHashMap.java:1603)
	at org.testcontainers.containers.DockerComposeContainer.waitUntilServiceStarted(DockerComposeContainer.java:290)
	at org.testcontainers.containers.DockerComposeContainer.start(DockerComposeContainer.java:191)
	at com.fedex.aggregation.service.AggregationIntegrationTest.setUp(AggregationIntegrationTest.java:39)
	at java.base/jdk.internal.reflect.NativeMethodAccessorImpl.invoke0(Native Method)
	at java.base/jdk.internal.reflect.NativeMethodAccessorImpl.invoke(NativeMethodAccessorImpl.java:77)
	at java.base/jdk.internal.reflect.DelegatingMethodAccessorImpl.invoke(DelegatingMethodAccessorImpl.java:43)
	at java.base/java.lang.reflect.Method.invoke(Method.java:568)
	at org.junit.platform.commons.util.ReflectionUtils.invokeMethod(ReflectionUtils.java:727)
	at org.junit.jupiter.engine.execution.MethodInvocation.proceed(MethodInvocation.java:60)
	at org.junit.jupiter.engine.execution.InvocationInterceptorChain$ValidatingInvocation.proceed(InvocationInterceptorChain.java:131)
	at org.junit.jupiter.engine.extension.TimeoutExtension.intercept(TimeoutExtension.java:156)
	at org.junit.jupiter.engine.extension.TimeoutExtension.interceptLifecycleMethod(TimeoutExtension.java:128)
	at org.junit.jupiter.engine.extension.TimeoutExtension.interceptBeforeEachMethod(TimeoutExtension.java:78)
	at org.junit.jupiter.engine.execution.InterceptingExecutableInvoker$ReflectiveInterceptorCall.lambda$ofVoidMethod$0(InterceptingExecutableInvoker.java:103)
	at org.junit.jupiter.engine.execution.InterceptingExecutableInvoker.lambda$invoke$0(InterceptingExecutableInvoker.java:93)
	at org.junit.jupiter.engine.execution.InvocationInterceptorChain$InterceptedInvocation.proceed(InvocationInterceptorChain.java:106)
	at org.junit.jupiter.engine.execution.InvocationInterceptorChain.proceed(InvocationInterceptorChain.java:64)
	at org.junit.jupiter.engine.execution.InvocationInterceptorChain.chainAndInvoke(InvocationInterceptorChain.java:45)
	at org.junit.jupiter.engine.execution.InvocationInterceptorChain.invoke(InvocationInterceptorChain.java:37)
	at org.junit.jupiter.engine.execution.InterceptingExecutableInvoker.invoke(InterceptingExecutableInvoker.java:92)
	at org.junit.jupiter.engine.execution.InterceptingExecutableInvoker.invoke(InterceptingExecutableInvoker.java:86)
	at org.junit.jupiter.engine.descriptor.ClassBasedTestDescriptor.invokeMethodInExtensionContext(ClassBasedTestDescriptor.java:520)
	at org.junit.jupiter.engine.descriptor.ClassBasedTestDescriptor.lambda$synthesizeBeforeEachMethodAdapter$23(ClassBasedTestDescriptor.java:505)
	at org.junit.jupiter.engine.descriptor.TestMethodTestDescriptor.lambda$invokeBeforeEachMethods$3(TestMethodTestDescriptor.java:174)
	at org.junit.jupiter.engine.descriptor.TestMethodTestDescriptor.lambda$invokeBeforeMethodsOrCallbacksUntilExceptionOccurs$6(TestMethodTestDescriptor.java:202)
	at org.junit.platform.engine.support.hierarchical.ThrowableCollector.execute(ThrowableCollector.java:73)
	at org.junit.jupiter.engine.descriptor.TestMethodTestDescriptor.invokeBeforeMethodsOrCallbacksUntilExceptionOccurs(TestMethodTestDescriptor.java:202)
	at org.junit.jupiter.engine.descriptor.TestMethodTestDescriptor.invokeBeforeEachMethods(TestMethodTestDescriptor.java:171)
	at org.junit.jupiter.engine.descriptor.TestMethodTestDescriptor.execute(TestMethodTestDescriptor.java:134)
	at org.junit.jupiter.engine.descriptor.TestMethodTestDescriptor.execute(TestMethodTestDescriptor.java:68)
	at org.junit.platform.engine.support.hierarchical.NodeTestTask.lambda$executeRecursively$6(NodeTestTask.java:151)
	at org.junit.platform.engine.support.hierarchical.ThrowableCollector.execute(ThrowableCollector.java:73)
	at org.junit.platform.engine.support.hierarchical.NodeTestTask.lambda$executeRecursively$8(NodeTestTask.java:141)
	at org.junit.platform.engine.support.hierarchical.Node.around(Node.java:137)
	at org.junit.platform.engine.support.hierarchical.NodeTestTask.lambda$executeRecursively$9(NodeTestTask.java:139)
	at org.junit.platform.engine.support.hierarchical.ThrowableCollector.execute(ThrowableCollector.java:73)
	at org.junit.platform.engine.support.hierarchical.NodeTestTask.executeRecursively(NodeTestTask.java:138)
	at org.junit.platform.engine.support.hierarchical.NodeTestTask.execute(NodeTestTask.java:95)
	at java.base/java.util.ArrayList.forEach(ArrayList.java:1511)
	at org.junit.platform.engine.support.hierarchical.SameThreadHierarchicalTestExecutorService.invokeAll(SameThreadHierarchicalTestExecutorService.java:41)
	at org.junit.platform.engine.support.hierarchical.NodeTestTask.lambda$executeRecursively$6(NodeTestTask.java:155)
	at org.junit.platform.engine.support.hierarchical.ThrowableCollector.execute(ThrowableCollector.java:73)
	at org.junit.platform.engine.support.hierarchical.NodeTestTask.lambda$executeRecursively$8(NodeTestTask.java:141)
	at org.junit.platform.engine.support.hierarchical.Node.around(Node.java:137)
	at org.junit.platform.engine.support.hierarchical.NodeTestTask.lambda$executeRecursively$9(NodeTestTask.java:139)
	at org.junit.platform.engine.support.hierarchical.ThrowableCollector.execute(ThrowableCollector.java:73)
	at org.junit.platform.engine.support.hierarchical.NodeTestTask.executeRecursively(NodeTestTask.java:138)
	at org.junit.platform.engine.support.hierarchical.NodeTestTask.execute(NodeTestTask.java:95)
	at java.base/java.util.ArrayList.forEach(ArrayList.java:1511)
	at org.junit.platform.engine.support.hierarchical.SameThreadHierarchicalTestExecutorService.invokeAll(SameThreadHierarchicalTestExecutorService.java:41)
	at org.junit.platform.engine.support.hierarchical.NodeTestTask.lambda$executeRecursively$6(NodeTestTask.java:155)
	at org.junit.platform.engine.support.hierarchical.ThrowableCollector.execute(ThrowableCollector.java:73)
	at org.junit.platform.engine.support.hierarchical.NodeTestTask.lambda$executeRecursively$8(NodeTestTask.java:141)
	at org.junit.platform.engine.support.hierarchical.Node.around(Node.java:137)
	at org.junit.platform.engine.support.hierarchical.NodeTestTask.lambda$executeRecursively$9(NodeTestTask.java:139)
	at org.junit.platform.engine.support.hierarchical.ThrowableCollector.execute(ThrowableCollector.java:73)
	at org.junit.platform.engine.support.hierarchical.NodeTestTask.executeRecursively(NodeTestTask.java:138)
	at org.junit.platform.engine.support.hierarchical.NodeTestTask.execute(NodeTestTask.java:95)
	at org.junit.platform.engine.support.hierarchical.SameThreadHierarchicalTestExecutorService.submit(SameThreadHierarchicalTestExecutorService.java:35)
	at org.junit.platform.engine.support.hierarchical.HierarchicalTestExecutor.execute(HierarchicalTestExecutor.java:57)
	at org.junit.platform.engine.support.hierarchical.HierarchicalTestEngine.execute(HierarchicalTestEngine.java:54)
	at org.junit.platform.launcher.core.EngineExecutionOrchestrator.execute(EngineExecutionOrchestrator.java:107)
	at org.junit.platform.launcher.core.EngineExecutionOrchestrator.execute(EngineExecutionOrchestrator.java:88)
	at org.junit.platform.launcher.core.EngineExecutionOrchestrator.lambda$execute$0(EngineExecutionOrchestrator.java:54)
	at org.junit.platform.launcher.core.EngineExecutionOrchestrator.withInterceptedStreams(EngineExecutionOrchestrator.java:67)
	at org.junit.platform.launcher.core.EngineExecutionOrchestrator.execute(EngineExecutionOrchestrator.java:52)
	at org.junit.platform.launcher.core.DefaultLauncher.execute(DefaultLauncher.java:114)
	at org.junit.platform.launcher.core.DefaultLauncher.execute(DefaultLauncher.java:86)
	at org.junit.platform.launcher.core.DefaultLauncherSession$DelegatingLauncher.execute(DefaultLauncherSession.java:86)
	at org.gradle.api.internal.tasks.testing.junitplatform.JUnitPlatformTestClassProcessor$CollectAllTestClassesExecutor.processAllTestClasses(JUnitPlatformTestClassProcessor.java:110)
	at org.gradle.api.internal.tasks.testing.junitplatform.JUnitPlatformTestClassProcessor$CollectAllTestClassesExecutor.access$000(JUnitPlatformTestClassProcessor.java:90)
	at org.gradle.api.internal.tasks.testing.junitplatform.JUnitPlatformTestClassProcessor.stop(JUnitPlatformTestClassProcessor.java:85)
	at org.gradle.api.internal.tasks.testing.SuiteTestClassProcessor.stop(SuiteTestClassProcessor.java:62)
	at java.base/jdk.internal.reflect.NativeMethodAccessorImpl.invoke0(Native Method)
	at java.base/jdk.internal.reflect.NativeMethodAccessorImpl.invoke(NativeMethodAccessorImpl.java:77)
	at java.base/jdk.internal.reflect.DelegatingMethodAccessorImpl.invoke(DelegatingMethodAccessorImpl.java:43)
	at java.base/java.lang.reflect.Method.invoke(Method.java:568)
	at org.gradle.internal.dispatch.ReflectionDispatch.dispatch(ReflectionDispatch.java:36)
	at org.gradle.internal.dispatch.ReflectionDispatch.dispatch(ReflectionDispatch.java:24)
	at org.gradle.internal.dispatch.ContextClassLoaderDispatch.dispatch(ContextClassLoaderDispatch.java:33)
	at org.gradle.internal.dispatch.ProxyDispatchAdapter$DispatchingInvocationHandler.invoke(ProxyDispatchAdapter.java:94)
	at jdk.proxy1/jdk.proxy1.$Proxy2.stop(Unknown Source)
	at org.gradle.api.internal.tasks.testing.worker.TestWorker$3.run(TestWorker.java:193)
	at org.gradle.api.internal.tasks.testing.worker.TestWorker.executeAndMaintainThreadName(TestWorker.java:129)
	at org.gradle.api.internal.tasks.testing.worker.TestWorker.execute(TestWorker.java:100)
	at org.gradle.api.internal.tasks.testing.worker.TestWorker.execute(TestWorker.java:60)
	at org.gradle.process.internal.worker.child.ActionExecutionWorker.execute(ActionExecutionWorker.java:56)
	at org.gradle.process.internal.worker.child.SystemApplicationClassLoaderWorker.call(SystemApplicationClassLoaderWorker.java:113)
	at org.gradle.process.internal.worker.child.SystemApplicationClassLoaderWorker.call(SystemApplicationClassLoaderWorker.java:65)
	at worker.org.gradle.process.internal.worker.GradleWorkerMain.run(GradleWorkerMain.java:69)
	at worker.org.gradle.process.internal.worker.GradleWorkerMain.main(GradleWorkerMain.java:74)
Caused by: org.testcontainers.containers.ContainerLaunchException: Timed out waiting for container port to open (localhost ports: [8080, 57162] should be listening)
	at app//org.testcontainers.containers.wait.strategy.HostPortWaitStrategy.waitUntilReady(HostPortWaitStrategy.java:101)
	at app//org.testcontainers.containers.wait.strategy.AbstractWaitStrategy.waitUntilReady(AbstractWaitStrategy.java:52)
	at app//org.testcontainers.containers.wait.strategy.WaitAllStrategy.waitUntilNestedStrategiesAreReady(WaitAllStrategy.java:66)
	at app//org.testcontainers.containers.wait.strategy.WaitAllStrategy.lambda$waitUntilReady$0(WaitAllStrategy.java:58)
	at java.base@17.0.6/java.util.concurrent.Executors$RunnableAdapter.call(Executors.java:539)
	at java.base@17.0.6/java.util.concurrent.FutureTask.run(FutureTask.java:264)
	at java.base@17.0.6/java.util.concurrent.ThreadPoolExecutor.runWorker(ThreadPoolExecutor.java:1136)
	at java.base@17.0.6/java.util.concurrent.ThreadPoolExecutor$Worker.run(ThreadPoolExecutor.java:635)
	at java.base@17.0.6/java.lang.Thread.run(Thread.java:833)
</failure>
  </testcase>
  <testcase name="testAggregationEmptyRequest()" classname="com.fedex.aggregation.service.AggregationIntegrationTest" time="64.3">
    <failure message="java.lang.RuntimeException: org.testcontainers.containers.ContainerLaunchException: Timed out waiting for container port to open (localhost ports: [8080, 57162] should be listening)" type="java.lang.RuntimeException">java.lang.RuntimeException: org.testcontainers.containers.ContainerLaunchException: Timed out waiting for container port to open (localhost ports: [8080, 57162] should be listening)
	at org.rnorth.ducttape.timeouts.Timeouts.callFuture(Timeouts.java:68)
	at org.rnorth.ducttape.timeouts.Timeouts.doWithTimeout(Timeouts.java:60)
	at org.testcontainers.containers.wait.strategy.WaitAllStrategy.waitUntilReady(WaitAllStrategy.java:54)
	at org.testcontainers.containers.DockerComposeContainer.waitUntilServiceStarted(DockerComposeContainer.java:316)
	at java.base/java.util.concurrent.ConcurrentHashMap.forEach(ConcurrentHashMap.java:1603)
	at org.testcontainers.containers.DockerComposeContainer.waitUntilServiceStarted(DockerComposeContainer.java:290)
	at org.testcontainers.containers.DockerComposeContainer.start(DockerComposeContainer.java:191)
	at com.fedex.aggregation.service.AggregationIntegrationTest.setUp(AggregationIntegrationTest.java:39)
	at java.base/jdk.internal.reflect.NativeMethodAccessorImpl.invoke0(Native Method)
	at java.base/jdk.internal.reflect.NativeMethodAccessorImpl.invoke(NativeMethodAccessorImpl.java:77)
	at java.base/jdk.internal.reflect.DelegatingMethodAccessorImpl.invoke(DelegatingMethodAccessorImpl.java:43)
	at java.base/java.lang.reflect.Method.invoke(Method.java:568)
	at org.junit.platform.commons.util.ReflectionUtils.invokeMethod(ReflectionUtils.java:727)
	at org.junit.jupiter.engine.execution.MethodInvocation.proceed(MethodInvocation.java:60)
	at org.junit.jupiter.engine.execution.InvocationInterceptorChain$ValidatingInvocation.proceed(InvocationInterceptorChain.java:131)
	at org.junit.jupiter.engine.extension.TimeoutExtension.intercept(TimeoutExtension.java:156)
	at org.junit.jupiter.engine.extension.TimeoutExtension.interceptLifecycleMethod(TimeoutExtension.java:128)
	at org.junit.jupiter.engine.extension.TimeoutExtension.interceptBeforeEachMethod(TimeoutExtension.java:78)
	at org.junit.jupiter.engine.execution.InterceptingExecutableInvoker$ReflectiveInterceptorCall.lambda$ofVoidMethod$0(InterceptingExecutableInvoker.java:103)
	at org.junit.jupiter.engine.execution.InterceptingExecutableInvoker.lambda$invoke$0(InterceptingExecutableInvoker.java:93)
	at org.junit.jupiter.engine.execution.InvocationInterceptorChain$InterceptedInvocation.proceed(InvocationInterceptorChain.java:106)
	at org.junit.jupiter.engine.execution.InvocationInterceptorChain.proceed(InvocationInterceptorChain.java:64)
	at org.junit.jupiter.engine.execution.InvocationInterceptorChain.chainAndInvoke(InvocationInterceptorChain.java:45)
	at org.junit.jupiter.engine.execution.InvocationInterceptorChain.invoke(InvocationInterceptorChain.java:37)
	at org.junit.jupiter.engine.execution.InterceptingExecutableInvoker.invoke(InterceptingExecutableInvoker.java:92)
	at org.junit.jupiter.engine.execution.InterceptingExecutableInvoker.invoke(InterceptingExecutableInvoker.java:86)
	at org.junit.jupiter.engine.descriptor.ClassBasedTestDescriptor.invokeMethodInExtensionContext(ClassBasedTestDescriptor.java:520)
	at org.junit.jupiter.engine.descriptor.ClassBasedTestDescriptor.lambda$synthesizeBeforeEachMethodAdapter$23(ClassBasedTestDescriptor.java:505)
	at org.junit.jupiter.engine.descriptor.TestMethodTestDescriptor.lambda$invokeBeforeEachMethods$3(TestMethodTestDescriptor.java:174)
	at org.junit.jupiter.engine.descriptor.TestMethodTestDescriptor.lambda$invokeBeforeMethodsOrCallbacksUntilExceptionOccurs$6(TestMethodTestDescriptor.java:202)
	at org.junit.platform.engine.support.hierarchical.ThrowableCollector.execute(ThrowableCollector.java:73)
	at org.junit.jupiter.engine.descriptor.TestMethodTestDescriptor.invokeBeforeMethodsOrCallbacksUntilExceptionOccurs(TestMethodTestDescriptor.java:202)
	at org.junit.jupiter.engine.descriptor.TestMethodTestDescriptor.invokeBeforeEachMethods(TestMethodTestDescriptor.java:171)
	at org.junit.jupiter.engine.descriptor.TestMethodTestDescriptor.execute(TestMethodTestDescriptor.java:134)
	at org.junit.jupiter.engine.descriptor.TestMethodTestDescriptor.execute(TestMethodTestDescriptor.java:68)
	at org.junit.platform.engine.support.hierarchical.NodeTestTask.lambda$executeRecursively$6(NodeTestTask.java:151)
	at org.junit.platform.engine.support.hierarchical.ThrowableCollector.execute(ThrowableCollector.java:73)
	at org.junit.platform.engine.support.hierarchical.NodeTestTask.lambda$executeRecursively$8(NodeTestTask.java:141)
	at org.junit.platform.engine.support.hierarchical.Node.around(Node.java:137)
	at org.junit.platform.engine.support.hierarchical.NodeTestTask.lambda$executeRecursively$9(NodeTestTask.java:139)
	at org.junit.platform.engine.support.hierarchical.ThrowableCollector.execute(ThrowableCollector.java:73)
	at org.junit.platform.engine.support.hierarchical.NodeTestTask.executeRecursively(NodeTestTask.java:138)
	at org.junit.platform.engine.support.hierarchical.NodeTestTask.execute(NodeTestTask.java:95)
	at java.base/java.util.ArrayList.forEach(ArrayList.java:1511)
	at org.junit.platform.engine.support.hierarchical.SameThreadHierarchicalTestExecutorService.invokeAll(SameThreadHierarchicalTestExecutorService.java:41)
	at org.junit.platform.engine.support.hierarchical.NodeTestTask.lambda$executeRecursively$6(NodeTestTask.java:155)
	at org.junit.platform.engine.support.hierarchical.ThrowableCollector.execute(ThrowableCollector.java:73)
	at org.junit.platform.engine.support.hierarchical.NodeTestTask.lambda$executeRecursively$8(NodeTestTask.java:141)
	at org.junit.platform.engine.support.hierarchical.Node.around(Node.java:137)
	at org.junit.platform.engine.support.hierarchical.NodeTestTask.lambda$executeRecursively$9(NodeTestTask.java:139)
	at org.junit.platform.engine.support.hierarchical.ThrowableCollector.execute(ThrowableCollector.java:73)
	at org.junit.platform.engine.support.hierarchical.NodeTestTask.executeRecursively(NodeTestTask.java:138)
	at org.junit.platform.engine.support.hierarchical.NodeTestTask.execute(NodeTestTask.java:95)
	at java.base/java.util.ArrayList.forEach(ArrayList.java:1511)
	at org.junit.platform.engine.support.hierarchical.SameThreadHierarchicalTestExecutorService.invokeAll(SameThreadHierarchicalTestExecutorService.java:41)
	at org.junit.platform.engine.support.hierarchical.NodeTestTask.lambda$executeRecursively$6(NodeTestTask.java:155)
	at org.junit.platform.engine.support.hierarchical.ThrowableCollector.execute(ThrowableCollector.java:73)
	at org.junit.platform.engine.support.hierarchical.NodeTestTask.lambda$executeRecursively$8(NodeTestTask.java:141)
	at org.junit.platform.engine.support.hierarchical.Node.around(Node.java:137)
	at org.junit.platform.engine.support.hierarchical.NodeTestTask.lambda$executeRecursively$9(NodeTestTask.java:139)
	at org.junit.platform.engine.support.hierarchical.ThrowableCollector.execute(ThrowableCollector.java:73)
	at org.junit.platform.engine.support.hierarchical.NodeTestTask.executeRecursively(NodeTestTask.java:138)
	at org.junit.platform.engine.support.hierarchical.NodeTestTask.execute(NodeTestTask.java:95)
	at org.junit.platform.engine.support.hierarchical.SameThreadHierarchicalTestExecutorService.submit(SameThreadHierarchicalTestExecutorService.java:35)
	at org.junit.platform.engine.support.hierarchical.HierarchicalTestExecutor.execute(HierarchicalTestExecutor.java:57)
	at org.junit.platform.engine.support.hierarchical.HierarchicalTestEngine.execute(HierarchicalTestEngine.java:54)
	at org.junit.platform.launcher.core.EngineExecutionOrchestrator.execute(EngineExecutionOrchestrator.java:107)
	at org.junit.platform.launcher.core.EngineExecutionOrchestrator.execute(EngineExecutionOrchestrator.java:88)
	at org.junit.platform.launcher.core.EngineExecutionOrchestrator.lambda$execute$0(EngineExecutionOrchestrator.java:54)
	at org.junit.platform.launcher.core.EngineExecutionOrchestrator.withInterceptedStreams(EngineExecutionOrchestrator.java:67)
	at org.junit.platform.launcher.core.EngineExecutionOrchestrator.execute(EngineExecutionOrchestrator.java:52)
	at org.junit.platform.launcher.core.DefaultLauncher.execute(DefaultLauncher.java:114)
	at org.junit.platform.launcher.core.DefaultLauncher.execute(DefaultLauncher.java:86)
	at org.junit.platform.launcher.core.DefaultLauncherSession$DelegatingLauncher.execute(DefaultLauncherSession.java:86)
	at org.gradle.api.internal.tasks.testing.junitplatform.JUnitPlatformTestClassProcessor$CollectAllTestClassesExecutor.processAllTestClasses(JUnitPlatformTestClassProcessor.java:110)
	at org.gradle.api.internal.tasks.testing.junitplatform.JUnitPlatformTestClassProcessor$CollectAllTestClassesExecutor.access$000(JUnitPlatformTestClassProcessor.java:90)
	at org.gradle.api.internal.tasks.testing.junitplatform.JUnitPlatformTestClassProcessor.stop(JUnitPlatformTestClassProcessor.java:85)
	at org.gradle.api.internal.tasks.testing.SuiteTestClassProcessor.stop(SuiteTestClassProcessor.java:62)
	at java.base/jdk.internal.reflect.NativeMethodAccessorImpl.invoke0(Native Method)
	at java.base/jdk.internal.reflect.NativeMethodAccessorImpl.invoke(NativeMethodAccessorImpl.java:77)
	at java.base/jdk.internal.reflect.DelegatingMethodAccessorImpl.invoke(DelegatingMethodAccessorImpl.java:43)
	at java.base/java.lang.reflect.Method.invoke(Method.java:568)
	at org.gradle.internal.dispatch.ReflectionDispatch.dispatch(ReflectionDispatch.java:36)
	at org.gradle.internal.dispatch.ReflectionDispatch.dispatch(ReflectionDispatch.java:24)
	at org.gradle.internal.dispatch.ContextClassLoaderDispatch.dispatch(ContextClassLoaderDispatch.java:33)
	at org.gradle.internal.dispatch.ProxyDispatchAdapter$DispatchingInvocationHandler.invoke(ProxyDispatchAdapter.java:94)
	at jdk.proxy1/jdk.proxy1.$Proxy2.stop(Unknown Source)
	at org.gradle.api.internal.tasks.testing.worker.TestWorker$3.run(TestWorker.java:193)
	at org.gradle.api.internal.tasks.testing.worker.TestWorker.executeAndMaintainThreadName(TestWorker.java:129)
	at org.gradle.api.internal.tasks.testing.worker.TestWorker.execute(TestWorker.java:100)
	at org.gradle.api.internal.tasks.testing.worker.TestWorker.execute(TestWorker.java:60)
	at org.gradle.process.internal.worker.child.ActionExecutionWorker.execute(ActionExecutionWorker.java:56)
	at org.gradle.process.internal.worker.child.SystemApplicationClassLoaderWorker.call(SystemApplicationClassLoaderWorker.java:113)
	at org.gradle.process.internal.worker.child.SystemApplicationClassLoaderWorker.call(SystemApplicationClassLoaderWorker.java:65)
	at worker.org.gradle.process.internal.worker.GradleWorkerMain.run(GradleWorkerMain.java:69)
	at worker.org.gradle.process.internal.worker.GradleWorkerMain.main(GradleWorkerMain.java:74)
Caused by: org.testcontainers.containers.ContainerLaunchException: Timed out waiting for container port to open (localhost ports: [8080, 57162] should be listening)
	at app//org.testcontainers.containers.wait.strategy.HostPortWaitStrategy.waitUntilReady(HostPortWaitStrategy.java:101)
	at app//org.testcontainers.containers.wait.strategy.AbstractWaitStrategy.waitUntilReady(AbstractWaitStrategy.java:52)
	at app//org.testcontainers.containers.wait.strategy.WaitAllStrategy.waitUntilNestedStrategiesAreReady(WaitAllStrategy.java:66)
	at app//org.testcontainers.containers.wait.strategy.WaitAllStrategy.lambda$waitUntilReady$0(WaitAllStrategy.java:58)
	at java.base@17.0.6/java.util.concurrent.Executors$RunnableAdapter.call(Executors.java:539)
	at java.base@17.0.6/java.util.concurrent.FutureTask.run(FutureTask.java:264)
	at java.base@17.0.6/java.util.concurrent.ThreadPoolExecutor.runWorker(ThreadPoolExecutor.java:1136)
	at java.base@17.0.6/java.util.concurrent.ThreadPoolExecutor$Worker.run(ThreadPoolExecutor.java:635)
	at java.base@17.0.6/java.lang.Thread.run(Thread.java:833)
</failure>
  </testcase>
  <testcase name="testAggregationOnlyPricingRequestParams()" classname="com.fedex.aggregation.service.AggregationIntegrationTest" time="64.156">
    <failure message="java.lang.RuntimeException: org.testcontainers.containers.ContainerLaunchException: Timed out waiting for container port to open (localhost ports: [8080, 57162] should be listening)" type="java.lang.RuntimeException">java.lang.RuntimeException: org.testcontainers.containers.ContainerLaunchException: Timed out waiting for container port to open (localhost ports: [8080, 57162] should be listening)
	at org.rnorth.ducttape.timeouts.Timeouts.callFuture(Timeouts.java:68)
	at org.rnorth.ducttape.timeouts.Timeouts.doWithTimeout(Timeouts.java:60)
	at org.testcontainers.containers.wait.strategy.WaitAllStrategy.waitUntilReady(WaitAllStrategy.java:54)
	at org.testcontainers.containers.DockerComposeContainer.waitUntilServiceStarted(DockerComposeContainer.java:316)
	at java.base/java.util.concurrent.ConcurrentHashMap.forEach(ConcurrentHashMap.java:1603)
	at org.testcontainers.containers.DockerComposeContainer.waitUntilServiceStarted(DockerComposeContainer.java:290)
	at org.testcontainers.containers.DockerComposeContainer.start(DockerComposeContainer.java:191)
	at com.fedex.aggregation.service.AggregationIntegrationTest.setUp(AggregationIntegrationTest.java:39)
	at java.base/jdk.internal.reflect.NativeMethodAccessorImpl.invoke0(Native Method)
	at java.base/jdk.internal.reflect.NativeMethodAccessorImpl.invoke(NativeMethodAccessorImpl.java:77)
	at java.base/jdk.internal.reflect.DelegatingMethodAccessorImpl.invoke(DelegatingMethodAccessorImpl.java:43)
	at java.base/java.lang.reflect.Method.invoke(Method.java:568)
	at org.junit.platform.commons.util.ReflectionUtils.invokeMethod(ReflectionUtils.java:727)
	at org.junit.jupiter.engine.execution.MethodInvocation.proceed(MethodInvocation.java:60)
	at org.junit.jupiter.engine.execution.InvocationInterceptorChain$ValidatingInvocation.proceed(InvocationInterceptorChain.java:131)
	at org.junit.jupiter.engine.extension.TimeoutExtension.intercept(TimeoutExtension.java:156)
	at org.junit.jupiter.engine.extension.TimeoutExtension.interceptLifecycleMethod(TimeoutExtension.java:128)
	at org.junit.jupiter.engine.extension.TimeoutExtension.interceptBeforeEachMethod(TimeoutExtension.java:78)
	at org.junit.jupiter.engine.execution.InterceptingExecutableInvoker$ReflectiveInterceptorCall.lambda$ofVoidMethod$0(InterceptingExecutableInvoker.java:103)
	at org.junit.jupiter.engine.execution.InterceptingExecutableInvoker.lambda$invoke$0(InterceptingExecutableInvoker.java:93)
	at org.junit.jupiter.engine.execution.InvocationInterceptorChain$InterceptedInvocation.proceed(InvocationInterceptorChain.java:106)
	at org.junit.jupiter.engine.execution.InvocationInterceptorChain.proceed(InvocationInterceptorChain.java:64)
	at org.junit.jupiter.engine.execution.InvocationInterceptorChain.chainAndInvoke(InvocationInterceptorChain.java:45)
	at org.junit.jupiter.engine.execution.InvocationInterceptorChain.invoke(InvocationInterceptorChain.java:37)
	at org.junit.jupiter.engine.execution.InterceptingExecutableInvoker.invoke(InterceptingExecutableInvoker.java:92)
	at org.junit.jupiter.engine.execution.InterceptingExecutableInvoker.invoke(InterceptingExecutableInvoker.java:86)
	at org.junit.jupiter.engine.descriptor.ClassBasedTestDescriptor.invokeMethodInExtensionContext(ClassBasedTestDescriptor.java:520)
	at org.junit.jupiter.engine.descriptor.ClassBasedTestDescriptor.lambda$synthesizeBeforeEachMethodAdapter$23(ClassBasedTestDescriptor.java:505)
	at org.junit.jupiter.engine.descriptor.TestMethodTestDescriptor.lambda$invokeBeforeEachMethods$3(TestMethodTestDescriptor.java:174)
	at org.junit.jupiter.engine.descriptor.TestMethodTestDescriptor.lambda$invokeBeforeMethodsOrCallbacksUntilExceptionOccurs$6(TestMethodTestDescriptor.java:202)
	at org.junit.platform.engine.support.hierarchical.ThrowableCollector.execute(ThrowableCollector.java:73)
	at org.junit.jupiter.engine.descriptor.TestMethodTestDescriptor.invokeBeforeMethodsOrCallbacksUntilExceptionOccurs(TestMethodTestDescriptor.java:202)
	at org.junit.jupiter.engine.descriptor.TestMethodTestDescriptor.invokeBeforeEachMethods(TestMethodTestDescriptor.java:171)
	at org.junit.jupiter.engine.descriptor.TestMethodTestDescriptor.execute(TestMethodTestDescriptor.java:134)
	at org.junit.jupiter.engine.descriptor.TestMethodTestDescriptor.execute(TestMethodTestDescriptor.java:68)
	at org.junit.platform.engine.support.hierarchical.NodeTestTask.lambda$executeRecursively$6(NodeTestTask.java:151)
	at org.junit.platform.engine.support.hierarchical.ThrowableCollector.execute(ThrowableCollector.java:73)
	at org.junit.platform.engine.support.hierarchical.NodeTestTask.lambda$executeRecursively$8(NodeTestTask.java:141)
	at org.junit.platform.engine.support.hierarchical.Node.around(Node.java:137)
	at org.junit.platform.engine.support.hierarchical.NodeTestTask.lambda$executeRecursively$9(NodeTestTask.java:139)
	at org.junit.platform.engine.support.hierarchical.ThrowableCollector.execute(ThrowableCollector.java:73)
	at org.junit.platform.engine.support.hierarchical.NodeTestTask.executeRecursively(NodeTestTask.java:138)
	at org.junit.platform.engine.support.hierarchical.NodeTestTask.execute(NodeTestTask.java:95)
	at java.base/java.util.ArrayList.forEach(ArrayList.java:1511)
	at org.junit.platform.engine.support.hierarchical.SameThreadHierarchicalTestExecutorService.invokeAll(SameThreadHierarchicalTestExecutorService.java:41)
	at org.junit.platform.engine.support.hierarchical.NodeTestTask.lambda$executeRecursively$6(NodeTestTask.java:155)
	at org.junit.platform.engine.support.hierarchical.ThrowableCollector.execute(ThrowableCollector.java:73)
	at org.junit.platform.engine.support.hierarchical.NodeTestTask.lambda$executeRecursively$8(NodeTestTask.java:141)
	at org.junit.platform.engine.support.hierarchical.Node.around(Node.java:137)
	at org.junit.platform.engine.support.hierarchical.NodeTestTask.lambda$executeRecursively$9(NodeTestTask.java:139)
	at org.junit.platform.engine.support.hierarchical.ThrowableCollector.execute(ThrowableCollector.java:73)
	at org.junit.platform.engine.support.hierarchical.NodeTestTask.executeRecursively(NodeTestTask.java:138)
	at org.junit.platform.engine.support.hierarchical.NodeTestTask.execute(NodeTestTask.java:95)
	at java.base/java.util.ArrayList.forEach(ArrayList.java:1511)
	at org.junit.platform.engine.support.hierarchical.SameThreadHierarchicalTestExecutorService.invokeAll(SameThreadHierarchicalTestExecutorService.java:41)
	at org.junit.platform.engine.support.hierarchical.NodeTestTask.lambda$executeRecursively$6(NodeTestTask.java:155)
	at org.junit.platform.engine.support.hierarchical.ThrowableCollector.execute(ThrowableCollector.java:73)
	at org.junit.platform.engine.support.hierarchical.NodeTestTask.lambda$executeRecursively$8(NodeTestTask.java:141)
	at org.junit.platform.engine.support.hierarchical.Node.around(Node.java:137)
	at org.junit.platform.engine.support.hierarchical.NodeTestTask.lambda$executeRecursively$9(NodeTestTask.java:139)
	at org.junit.platform.engine.support.hierarchical.ThrowableCollector.execute(ThrowableCollector.java:73)
	at org.junit.platform.engine.support.hierarchical.NodeTestTask.executeRecursively(NodeTestTask.java:138)
	at org.junit.platform.engine.support.hierarchical.NodeTestTask.execute(NodeTestTask.java:95)
	at org.junit.platform.engine.support.hierarchical.SameThreadHierarchicalTestExecutorService.submit(SameThreadHierarchicalTestExecutorService.java:35)
	at org.junit.platform.engine.support.hierarchical.HierarchicalTestExecutor.execute(HierarchicalTestExecutor.java:57)
	at org.junit.platform.engine.support.hierarchical.HierarchicalTestEngine.execute(HierarchicalTestEngine.java:54)
	at org.junit.platform.launcher.core.EngineExecutionOrchestrator.execute(EngineExecutionOrchestrator.java:107)
	at org.junit.platform.launcher.core.EngineExecutionOrchestrator.execute(EngineExecutionOrchestrator.java:88)
	at org.junit.platform.launcher.core.EngineExecutionOrchestrator.lambda$execute$0(EngineExecutionOrchestrator.java:54)
	at org.junit.platform.launcher.core.EngineExecutionOrchestrator.withInterceptedStreams(EngineExecutionOrchestrator.java:67)
	at org.junit.platform.launcher.core.EngineExecutionOrchestrator.execute(EngineExecutionOrchestrator.java:52)
	at org.junit.platform.launcher.core.DefaultLauncher.execute(DefaultLauncher.java:114)
	at org.junit.platform.launcher.core.DefaultLauncher.execute(DefaultLauncher.java:86)
	at org.junit.platform.launcher.core.DefaultLauncherSession$DelegatingLauncher.execute(DefaultLauncherSession.java:86)
	at org.gradle.api.internal.tasks.testing.junitplatform.JUnitPlatformTestClassProcessor$CollectAllTestClassesExecutor.processAllTestClasses(JUnitPlatformTestClassProcessor.java:110)
	at org.gradle.api.internal.tasks.testing.junitplatform.JUnitPlatformTestClassProcessor$CollectAllTestClassesExecutor.access$000(JUnitPlatformTestClassProcessor.java:90)
	at org.gradle.api.internal.tasks.testing.junitplatform.JUnitPlatformTestClassProcessor.stop(JUnitPlatformTestClassProcessor.java:85)
	at org.gradle.api.internal.tasks.testing.SuiteTestClassProcessor.stop(SuiteTestClassProcessor.java:62)
	at java.base/jdk.internal.reflect.NativeMethodAccessorImpl.invoke0(Native Method)
	at java.base/jdk.internal.reflect.NativeMethodAccessorImpl.invoke(NativeMethodAccessorImpl.java:77)
	at java.base/jdk.internal.reflect.DelegatingMethodAccessorImpl.invoke(DelegatingMethodAccessorImpl.java:43)
	at java.base/java.lang.reflect.Method.invoke(Method.java:568)
	at org.gradle.internal.dispatch.ReflectionDispatch.dispatch(ReflectionDispatch.java:36)
	at org.gradle.internal.dispatch.ReflectionDispatch.dispatch(ReflectionDispatch.java:24)
	at org.gradle.internal.dispatch.ContextClassLoaderDispatch.dispatch(ContextClassLoaderDispatch.java:33)
	at org.gradle.internal.dispatch.ProxyDispatchAdapter$DispatchingInvocationHandler.invoke(ProxyDispatchAdapter.java:94)
	at jdk.proxy1/jdk.proxy1.$Proxy2.stop(Unknown Source)
	at org.gradle.api.internal.tasks.testing.worker.TestWorker$3.run(TestWorker.java:193)
	at org.gradle.api.internal.tasks.testing.worker.TestWorker.executeAndMaintainThreadName(TestWorker.java:129)
	at org.gradle.api.internal.tasks.testing.worker.TestWorker.execute(TestWorker.java:100)
	at org.gradle.api.internal.tasks.testing.worker.TestWorker.execute(TestWorker.java:60)
	at org.gradle.process.internal.worker.child.ActionExecutionWorker.execute(ActionExecutionWorker.java:56)
	at org.gradle.process.internal.worker.child.SystemApplicationClassLoaderWorker.call(SystemApplicationClassLoaderWorker.java:113)
	at org.gradle.process.internal.worker.child.SystemApplicationClassLoaderWorker.call(SystemApplicationClassLoaderWorker.java:65)
	at worker.org.gradle.process.internal.worker.GradleWorkerMain.run(GradleWorkerMain.java:69)
	at worker.org.gradle.process.internal.worker.GradleWorkerMain.main(GradleWorkerMain.java:74)
Caused by: org.testcontainers.containers.ContainerLaunchException: Timed out waiting for container port to open (localhost ports: [8080, 57162] should be listening)
	at app//org.testcontainers.containers.wait.strategy.HostPortWaitStrategy.waitUntilReady(HostPortWaitStrategy.java:101)
	at app//org.testcontainers.containers.wait.strategy.AbstractWaitStrategy.waitUntilReady(AbstractWaitStrategy.java:52)
	at app//org.testcontainers.containers.wait.strategy.WaitAllStrategy.waitUntilNestedStrategiesAreReady(WaitAllStrategy.java:66)
	at app//org.testcontainers.containers.wait.strategy.WaitAllStrategy.lambda$waitUntilReady$0(WaitAllStrategy.java:58)
	at java.base@17.0.6/java.util.concurrent.Executors$RunnableAdapter.call(Executors.java:539)
	at java.base@17.0.6/java.util.concurrent.FutureTask.run(FutureTask.java:264)
	at java.base@17.0.6/java.util.concurrent.ThreadPoolExecutor.runWorker(ThreadPoolExecutor.java:1136)
	at java.base@17.0.6/java.util.concurrent.ThreadPoolExecutor$Worker.run(ThreadPoolExecutor.java:635)
	at java.base@17.0.6/java.lang.Thread.run(Thread.java:833)
</failure>
  </testcase>
  <testcase name="testAggregation()" classname="com.fedex.aggregation.service.AggregationIntegrationTest" time="64.113">
    <failure message="java.lang.RuntimeException: org.testcontainers.containers.ContainerLaunchException: Timed out waiting for container port to open (localhost ports: [8080, 57162] should be listening)" type="java.lang.RuntimeException">java.lang.RuntimeException: org.testcontainers.containers.ContainerLaunchException: Timed out waiting for container port to open (localhost ports: [8080, 57162] should be listening)
	at org.rnorth.ducttape.timeouts.Timeouts.callFuture(Timeouts.java:68)
	at org.rnorth.ducttape.timeouts.Timeouts.doWithTimeout(Timeouts.java:60)
	at org.testcontainers.containers.wait.strategy.WaitAllStrategy.waitUntilReady(WaitAllStrategy.java:54)
	at org.testcontainers.containers.DockerComposeContainer.waitUntilServiceStarted(DockerComposeContainer.java:316)
	at java.base/java.util.concurrent.ConcurrentHashMap.forEach(ConcurrentHashMap.java:1603)
	at org.testcontainers.containers.DockerComposeContainer.waitUntilServiceStarted(DockerComposeContainer.java:290)
	at org.testcontainers.containers.DockerComposeContainer.start(DockerComposeContainer.java:191)
	at com.fedex.aggregation.service.AggregationIntegrationTest.setUp(AggregationIntegrationTest.java:39)
	at java.base/jdk.internal.reflect.NativeMethodAccessorImpl.invoke0(Native Method)
	at java.base/jdk.internal.reflect.NativeMethodAccessorImpl.invoke(NativeMethodAccessorImpl.java:77)
	at java.base/jdk.internal.reflect.DelegatingMethodAccessorImpl.invoke(DelegatingMethodAccessorImpl.java:43)
	at java.base/java.lang.reflect.Method.invoke(Method.java:568)
	at org.junit.platform.commons.util.ReflectionUtils.invokeMethod(ReflectionUtils.java:727)
	at org.junit.jupiter.engine.execution.MethodInvocation.proceed(MethodInvocation.java:60)
	at org.junit.jupiter.engine.execution.InvocationInterceptorChain$ValidatingInvocation.proceed(InvocationInterceptorChain.java:131)
	at org.junit.jupiter.engine.extension.TimeoutExtension.intercept(TimeoutExtension.java:156)
	at org.junit.jupiter.engine.extension.TimeoutExtension.interceptLifecycleMethod(TimeoutExtension.java:128)
	at org.junit.jupiter.engine.extension.TimeoutExtension.interceptBeforeEachMethod(TimeoutExtension.java:78)
	at org.junit.jupiter.engine.execution.InterceptingExecutableInvoker$ReflectiveInterceptorCall.lambda$ofVoidMethod$0(InterceptingExecutableInvoker.java:103)
	at org.junit.jupiter.engine.execution.InterceptingExecutableInvoker.lambda$invoke$0(InterceptingExecutableInvoker.java:93)
	at org.junit.jupiter.engine.execution.InvocationInterceptorChain$InterceptedInvocation.proceed(InvocationInterceptorChain.java:106)
	at org.junit.jupiter.engine.execution.InvocationInterceptorChain.proceed(InvocationInterceptorChain.java:64)
	at org.junit.jupiter.engine.execution.InvocationInterceptorChain.chainAndInvoke(InvocationInterceptorChain.java:45)
	at org.junit.jupiter.engine.execution.InvocationInterceptorChain.invoke(InvocationInterceptorChain.java:37)
	at org.junit.jupiter.engine.execution.InterceptingExecutableInvoker.invoke(InterceptingExecutableInvoker.java:92)
	at org.junit.jupiter.engine.execution.InterceptingExecutableInvoker.invoke(InterceptingExecutableInvoker.java:86)
	at org.junit.jupiter.engine.descriptor.ClassBasedTestDescriptor.invokeMethodInExtensionContext(ClassBasedTestDescriptor.java:520)
	at org.junit.jupiter.engine.descriptor.ClassBasedTestDescriptor.lambda$synthesizeBeforeEachMethodAdapter$23(ClassBasedTestDescriptor.java:505)
	at org.junit.jupiter.engine.descriptor.TestMethodTestDescriptor.lambda$invokeBeforeEachMethods$3(TestMethodTestDescriptor.java:174)
	at org.junit.jupiter.engine.descriptor.TestMethodTestDescriptor.lambda$invokeBeforeMethodsOrCallbacksUntilExceptionOccurs$6(TestMethodTestDescriptor.java:202)
	at org.junit.platform.engine.support.hierarchical.ThrowableCollector.execute(ThrowableCollector.java:73)
	at org.junit.jupiter.engine.descriptor.TestMethodTestDescriptor.invokeBeforeMethodsOrCallbacksUntilExceptionOccurs(TestMethodTestDescriptor.java:202)
	at org.junit.jupiter.engine.descriptor.TestMethodTestDescriptor.invokeBeforeEachMethods(TestMethodTestDescriptor.java:171)
	at org.junit.jupiter.engine.descriptor.TestMethodTestDescriptor.execute(TestMethodTestDescriptor.java:134)
	at org.junit.jupiter.engine.descriptor.TestMethodTestDescriptor.execute(TestMethodTestDescriptor.java:68)
	at org.junit.platform.engine.support.hierarchical.NodeTestTask.lambda$executeRecursively$6(NodeTestTask.java:151)
	at org.junit.platform.engine.support.hierarchical.ThrowableCollector.execute(ThrowableCollector.java:73)
	at org.junit.platform.engine.support.hierarchical.NodeTestTask.lambda$executeRecursively$8(NodeTestTask.java:141)
	at org.junit.platform.engine.support.hierarchical.Node.around(Node.java:137)
	at org.junit.platform.engine.support.hierarchical.NodeTestTask.lambda$executeRecursively$9(NodeTestTask.java:139)
	at org.junit.platform.engine.support.hierarchical.ThrowableCollector.execute(ThrowableCollector.java:73)
	at org.junit.platform.engine.support.hierarchical.NodeTestTask.executeRecursively(NodeTestTask.java:138)
	at org.junit.platform.engine.support.hierarchical.NodeTestTask.execute(NodeTestTask.java:95)
	at java.base/java.util.ArrayList.forEach(ArrayList.java:1511)
	at org.junit.platform.engine.support.hierarchical.SameThreadHierarchicalTestExecutorService.invokeAll(SameThreadHierarchicalTestExecutorService.java:41)
	at org.junit.platform.engine.support.hierarchical.NodeTestTask.lambda$executeRecursively$6(NodeTestTask.java:155)
	at org.junit.platform.engine.support.hierarchical.ThrowableCollector.execute(ThrowableCollector.java:73)
	at org.junit.platform.engine.support.hierarchical.NodeTestTask.lambda$executeRecursively$8(NodeTestTask.java:141)
	at org.junit.platform.engine.support.hierarchical.Node.around(Node.java:137)
	at org.junit.platform.engine.support.hierarchical.NodeTestTask.lambda$executeRecursively$9(NodeTestTask.java:139)
	at org.junit.platform.engine.support.hierarchical.ThrowableCollector.execute(ThrowableCollector.java:73)
	at org.junit.platform.engine.support.hierarchical.NodeTestTask.executeRecursively(NodeTestTask.java:138)
	at org.junit.platform.engine.support.hierarchical.NodeTestTask.execute(NodeTestTask.java:95)
	at java.base/java.util.ArrayList.forEach(ArrayList.java:1511)
	at org.junit.platform.engine.support.hierarchical.SameThreadHierarchicalTestExecutorService.invokeAll(SameThreadHierarchicalTestExecutorService.java:41)
	at org.junit.platform.engine.support.hierarchical.NodeTestTask.lambda$executeRecursively$6(NodeTestTask.java:155)
	at org.junit.platform.engine.support.hierarchical.ThrowableCollector.execute(ThrowableCollector.java:73)
	at org.junit.platform.engine.support.hierarchical.NodeTestTask.lambda$executeRecursively$8(NodeTestTask.java:141)
	at org.junit.platform.engine.support.hierarchical.Node.around(Node.java:137)
	at org.junit.platform.engine.support.hierarchical.NodeTestTask.lambda$executeRecursively$9(NodeTestTask.java:139)
	at org.junit.platform.engine.support.hierarchical.ThrowableCollector.execute(ThrowableCollector.java:73)
	at org.junit.platform.engine.support.hierarchical.NodeTestTask.executeRecursively(NodeTestTask.java:138)
	at org.junit.platform.engine.support.hierarchical.NodeTestTask.execute(NodeTestTask.java:95)
	at org.junit.platform.engine.support.hierarchical.SameThreadHierarchicalTestExecutorService.submit(SameThreadHierarchicalTestExecutorService.java:35)
	at org.junit.platform.engine.support.hierarchical.HierarchicalTestExecutor.execute(HierarchicalTestExecutor.java:57)
	at org.junit.platform.engine.support.hierarchical.HierarchicalTestEngine.execute(HierarchicalTestEngine.java:54)
	at org.junit.platform.launcher.core.EngineExecutionOrchestrator.execute(EngineExecutionOrchestrator.java:107)
	at org.junit.platform.launcher.core.EngineExecutionOrchestrator.execute(EngineExecutionOrchestrator.java:88)
	at org.junit.platform.launcher.core.EngineExecutionOrchestrator.lambda$execute$0(EngineExecutionOrchestrator.java:54)
	at org.junit.platform.launcher.core.EngineExecutionOrchestrator.withInterceptedStreams(EngineExecutionOrchestrator.java:67)
	at org.junit.platform.launcher.core.EngineExecutionOrchestrator.execute(EngineExecutionOrchestrator.java:52)
	at org.junit.platform.launcher.core.DefaultLauncher.execute(DefaultLauncher.java:114)
	at org.junit.platform.launcher.core.DefaultLauncher.execute(DefaultLauncher.java:86)
	at org.junit.platform.launcher.core.DefaultLauncherSession$DelegatingLauncher.execute(DefaultLauncherSession.java:86)
	at org.gradle.api.internal.tasks.testing.junitplatform.JUnitPlatformTestClassProcessor$CollectAllTestClassesExecutor.processAllTestClasses(JUnitPlatformTestClassProcessor.java:110)
	at org.gradle.api.internal.tasks.testing.junitplatform.JUnitPlatformTestClassProcessor$CollectAllTestClassesExecutor.access$000(JUnitPlatformTestClassProcessor.java:90)
	at org.gradle.api.internal.tasks.testing.junitplatform.JUnitPlatformTestClassProcessor.stop(JUnitPlatformTestClassProcessor.java:85)
	at org.gradle.api.internal.tasks.testing.SuiteTestClassProcessor.stop(SuiteTestClassProcessor.java:62)
	at java.base/jdk.internal.reflect.NativeMethodAccessorImpl.invoke0(Native Method)
	at java.base/jdk.internal.reflect.NativeMethodAccessorImpl.invoke(NativeMethodAccessorImpl.java:77)
	at java.base/jdk.internal.reflect.DelegatingMethodAccessorImpl.invoke(DelegatingMethodAccessorImpl.java:43)
	at java.base/java.lang.reflect.Method.invoke(Method.java:568)
	at org.gradle.internal.dispatch.ReflectionDispatch.dispatch(ReflectionDispatch.java:36)
	at org.gradle.internal.dispatch.ReflectionDispatch.dispatch(ReflectionDispatch.java:24)
	at org.gradle.internal.dispatch.ContextClassLoaderDispatch.dispatch(ContextClassLoaderDispatch.java:33)
	at org.gradle.internal.dispatch.ProxyDispatchAdapter$DispatchingInvocationHandler.invoke(ProxyDispatchAdapter.java:94)
	at jdk.proxy1/jdk.proxy1.$Proxy2.stop(Unknown Source)
	at org.gradle.api.internal.tasks.testing.worker.TestWorker$3.run(TestWorker.java:193)
	at org.gradle.api.internal.tasks.testing.worker.TestWorker.executeAndMaintainThreadName(TestWorker.java:129)
	at org.gradle.api.internal.tasks.testing.worker.TestWorker.execute(TestWorker.java:100)
	at org.gradle.api.internal.tasks.testing.worker.TestWorker.execute(TestWorker.java:60)
	at org.gradle.process.internal.worker.child.ActionExecutionWorker.execute(ActionExecutionWorker.java:56)
	at org.gradle.process.internal.worker.child.SystemApplicationClassLoaderWorker.call(SystemApplicationClassLoaderWorker.java:113)
	at org.gradle.process.internal.worker.child.SystemApplicationClassLoaderWorker.call(SystemApplicationClassLoaderWorker.java:65)
	at worker.org.gradle.process.internal.worker.GradleWorkerMain.run(GradleWorkerMain.java:69)
	at worker.org.gradle.process.internal.worker.GradleWorkerMain.main(GradleWorkerMain.java:74)
Caused by: org.testcontainers.containers.ContainerLaunchException: Timed out waiting for container port to open (localhost ports: [8080, 57162] should be listening)
	at app//org.testcontainers.containers.wait.strategy.HostPortWaitStrategy.waitUntilReady(HostPortWaitStrategy.java:101)
	at app//org.testcontainers.containers.wait.strategy.AbstractWaitStrategy.waitUntilReady(AbstractWaitStrategy.java:52)
	at app//org.testcontainers.containers.wait.strategy.WaitAllStrategy.waitUntilNestedStrategiesAreReady(WaitAllStrategy.java:66)
	at app//org.testcontainers.containers.wait.strategy.WaitAllStrategy.lambda$waitUntilReady$0(WaitAllStrategy.java:58)
	at java.base@17.0.6/java.util.concurrent.Executors$RunnableAdapter.call(Executors.java:539)
	at java.base@17.0.6/java.util.concurrent.FutureTask.run(FutureTask.java:264)
	at java.base@17.0.6/java.util.concurrent.ThreadPoolExecutor.runWorker(ThreadPoolExecutor.java:1136)
	at java.base@17.0.6/java.util.concurrent.ThreadPoolExecutor$Worker.run(ThreadPoolExecutor.java:635)
	at java.base@17.0.6/java.lang.Thread.run(Thread.java:833)
</failure>
  </testcase>
  <testcase name="testAggregationOnlyShipmentsRequestParams()" classname="com.fedex.aggregation.service.AggregationIntegrationTest" time="64.307">
    <failure message="java.lang.RuntimeException: org.testcontainers.containers.ContainerLaunchException: Timed out waiting for container port to open (localhost ports: [8080, 57162] should be listening)" type="java.lang.RuntimeException">java.lang.RuntimeException: org.testcontainers.containers.ContainerLaunchException: Timed out waiting for container port to open (localhost ports: [8080, 57162] should be listening)
	at org.rnorth.ducttape.timeouts.Timeouts.callFuture(Timeouts.java:68)
	at org.rnorth.ducttape.timeouts.Timeouts.doWithTimeout(Timeouts.java:60)
	at org.testcontainers.containers.wait.strategy.WaitAllStrategy.waitUntilReady(WaitAllStrategy.java:54)
	at org.testcontainers.containers.DockerComposeContainer.waitUntilServiceStarted(DockerComposeContainer.java:316)
	at java.base/java.util.concurrent.ConcurrentHashMap.forEach(ConcurrentHashMap.java:1603)
	at org.testcontainers.containers.DockerComposeContainer.waitUntilServiceStarted(DockerComposeContainer.java:290)
	at org.testcontainers.containers.DockerComposeContainer.start(DockerComposeContainer.java:191)
	at com.fedex.aggregation.service.AggregationIntegrationTest.setUp(AggregationIntegrationTest.java:39)
	at java.base/jdk.internal.reflect.NativeMethodAccessorImpl.invoke0(Native Method)
	at java.base/jdk.internal.reflect.NativeMethodAccessorImpl.invoke(NativeMethodAccessorImpl.java:77)
	at java.base/jdk.internal.reflect.DelegatingMethodAccessorImpl.invoke(DelegatingMethodAccessorImpl.java:43)
	at java.base/java.lang.reflect.Method.invoke(Method.java:568)
	at org.junit.platform.commons.util.ReflectionUtils.invokeMethod(ReflectionUtils.java:727)
	at org.junit.jupiter.engine.execution.MethodInvocation.proceed(MethodInvocation.java:60)
	at org.junit.jupiter.engine.execution.InvocationInterceptorChain$ValidatingInvocation.proceed(InvocationInterceptorChain.java:131)
	at org.junit.jupiter.engine.extension.TimeoutExtension.intercept(TimeoutExtension.java:156)
	at org.junit.jupiter.engine.extension.TimeoutExtension.interceptLifecycleMethod(TimeoutExtension.java:128)
	at org.junit.jupiter.engine.extension.TimeoutExtension.interceptBeforeEachMethod(TimeoutExtension.java:78)
	at org.junit.jupiter.engine.execution.InterceptingExecutableInvoker$ReflectiveInterceptorCall.lambda$ofVoidMethod$0(InterceptingExecutableInvoker.java:103)
	at org.junit.jupiter.engine.execution.InterceptingExecutableInvoker.lambda$invoke$0(InterceptingExecutableInvoker.java:93)
	at org.junit.jupiter.engine.execution.InvocationInterceptorChain$InterceptedInvocation.proceed(InvocationInterceptorChain.java:106)
	at org.junit.jupiter.engine.execution.InvocationInterceptorChain.proceed(InvocationInterceptorChain.java:64)
	at org.junit.jupiter.engine.execution.InvocationInterceptorChain.chainAndInvoke(InvocationInterceptorChain.java:45)
	at org.junit.jupiter.engine.execution.InvocationInterceptorChain.invoke(InvocationInterceptorChain.java:37)
	at org.junit.jupiter.engine.execution.InterceptingExecutableInvoker.invoke(InterceptingExecutableInvoker.java:92)
	at org.junit.jupiter.engine.execution.InterceptingExecutableInvoker.invoke(InterceptingExecutableInvoker.java:86)
	at org.junit.jupiter.engine.descriptor.ClassBasedTestDescriptor.invokeMethodInExtensionContext(ClassBasedTestDescriptor.java:520)
	at org.junit.jupiter.engine.descriptor.ClassBasedTestDescriptor.lambda$synthesizeBeforeEachMethodAdapter$23(ClassBasedTestDescriptor.java:505)
	at org.junit.jupiter.engine.descriptor.TestMethodTestDescriptor.lambda$invokeBeforeEachMethods$3(TestMethodTestDescriptor.java:174)
	at org.junit.jupiter.engine.descriptor.TestMethodTestDescriptor.lambda$invokeBeforeMethodsOrCallbacksUntilExceptionOccurs$6(TestMethodTestDescriptor.java:202)
	at org.junit.platform.engine.support.hierarchical.ThrowableCollector.execute(ThrowableCollector.java:73)
	at org.junit.jupiter.engine.descriptor.TestMethodTestDescriptor.invokeBeforeMethodsOrCallbacksUntilExceptionOccurs(TestMethodTestDescriptor.java:202)
	at org.junit.jupiter.engine.descriptor.TestMethodTestDescriptor.invokeBeforeEachMethods(TestMethodTestDescriptor.java:171)
	at org.junit.jupiter.engine.descriptor.TestMethodTestDescriptor.execute(TestMethodTestDescriptor.java:134)
	at org.junit.jupiter.engine.descriptor.TestMethodTestDescriptor.execute(TestMethodTestDescriptor.java:68)
	at org.junit.platform.engine.support.hierarchical.NodeTestTask.lambda$executeRecursively$6(NodeTestTask.java:151)
	at org.junit.platform.engine.support.hierarchical.ThrowableCollector.execute(ThrowableCollector.java:73)
	at org.junit.platform.engine.support.hierarchical.NodeTestTask.lambda$executeRecursively$8(NodeTestTask.java:141)
	at org.junit.platform.engine.support.hierarchical.Node.around(Node.java:137)
	at org.junit.platform.engine.support.hierarchical.NodeTestTask.lambda$executeRecursively$9(NodeTestTask.java:139)
	at org.junit.platform.engine.support.hierarchical.ThrowableCollector.execute(ThrowableCollector.java:73)
	at org.junit.platform.engine.support.hierarchical.NodeTestTask.executeRecursively(NodeTestTask.java:138)
	at org.junit.platform.engine.support.hierarchical.NodeTestTask.execute(NodeTestTask.java:95)
	at java.base/java.util.ArrayList.forEach(ArrayList.java:1511)
	at org.junit.platform.engine.support.hierarchical.SameThreadHierarchicalTestExecutorService.invokeAll(SameThreadHierarchicalTestExecutorService.java:41)
	at org.junit.platform.engine.support.hierarchical.NodeTestTask.lambda$executeRecursively$6(NodeTestTask.java:155)
	at org.junit.platform.engine.support.hierarchical.ThrowableCollector.execute(ThrowableCollector.java:73)
	at org.junit.platform.engine.support.hierarchical.NodeTestTask.lambda$executeRecursively$8(NodeTestTask.java:141)
	at org.junit.platform.engine.support.hierarchical.Node.around(Node.java:137)
	at org.junit.platform.engine.support.hierarchical.NodeTestTask.lambda$executeRecursively$9(NodeTestTask.java:139)
	at org.junit.platform.engine.support.hierarchical.ThrowableCollector.execute(ThrowableCollector.java:73)
	at org.junit.platform.engine.support.hierarchical.NodeTestTask.executeRecursively(NodeTestTask.java:138)
	at org.junit.platform.engine.support.hierarchical.NodeTestTask.execute(NodeTestTask.java:95)
	at java.base/java.util.ArrayList.forEach(ArrayList.java:1511)
	at org.junit.platform.engine.support.hierarchical.SameThreadHierarchicalTestExecutorService.invokeAll(SameThreadHierarchicalTestExecutorService.java:41)
	at org.junit.platform.engine.support.hierarchical.NodeTestTask.lambda$executeRecursively$6(NodeTestTask.java:155)
	at org.junit.platform.engine.support.hierarchical.ThrowableCollector.execute(ThrowableCollector.java:73)
	at org.junit.platform.engine.support.hierarchical.NodeTestTask.lambda$executeRecursively$8(NodeTestTask.java:141)
	at org.junit.platform.engine.support.hierarchical.Node.around(Node.java:137)
	at org.junit.platform.engine.support.hierarchical.NodeTestTask.lambda$executeRecursively$9(NodeTestTask.java:139)
	at org.junit.platform.engine.support.hierarchical.ThrowableCollector.execute(ThrowableCollector.java:73)
	at org.junit.platform.engine.support.hierarchical.NodeTestTask.executeRecursively(NodeTestTask.java:138)
	at org.junit.platform.engine.support.hierarchical.NodeTestTask.execute(NodeTestTask.java:95)
	at org.junit.platform.engine.support.hierarchical.SameThreadHierarchicalTestExecutorService.submit(SameThreadHierarchicalTestExecutorService.java:35)
	at org.junit.platform.engine.support.hierarchical.HierarchicalTestExecutor.execute(HierarchicalTestExecutor.java:57)
	at org.junit.platform.engine.support.hierarchical.HierarchicalTestEngine.execute(HierarchicalTestEngine.java:54)
	at org.junit.platform.launcher.core.EngineExecutionOrchestrator.execute(EngineExecutionOrchestrator.java:107)
	at org.junit.platform.launcher.core.EngineExecutionOrchestrator.execute(EngineExecutionOrchestrator.java:88)
	at org.junit.platform.launcher.core.EngineExecutionOrchestrator.lambda$execute$0(EngineExecutionOrchestrator.java:54)
	at org.junit.platform.launcher.core.EngineExecutionOrchestrator.withInterceptedStreams(EngineExecutionOrchestrator.java:67)
	at org.junit.platform.launcher.core.EngineExecutionOrchestrator.execute(EngineExecutionOrchestrator.java:52)
	at org.junit.platform.launcher.core.DefaultLauncher.execute(DefaultLauncher.java:114)
	at org.junit.platform.launcher.core.DefaultLauncher.execute(DefaultLauncher.java:86)
	at org.junit.platform.launcher.core.DefaultLauncherSession$DelegatingLauncher.execute(DefaultLauncherSession.java:86)
	at org.gradle.api.internal.tasks.testing.junitplatform.JUnitPlatformTestClassProcessor$CollectAllTestClassesExecutor.processAllTestClasses(JUnitPlatformTestClassProcessor.java:110)
	at org.gradle.api.internal.tasks.testing.junitplatform.JUnitPlatformTestClassProcessor$CollectAllTestClassesExecutor.access$000(JUnitPlatformTestClassProcessor.java:90)
	at org.gradle.api.internal.tasks.testing.junitplatform.JUnitPlatformTestClassProcessor.stop(JUnitPlatformTestClassProcessor.java:85)
	at org.gradle.api.internal.tasks.testing.SuiteTestClassProcessor.stop(SuiteTestClassProcessor.java:62)
	at java.base/jdk.internal.reflect.NativeMethodAccessorImpl.invoke0(Native Method)
	at java.base/jdk.internal.reflect.NativeMethodAccessorImpl.invoke(NativeMethodAccessorImpl.java:77)
	at java.base/jdk.internal.reflect.DelegatingMethodAccessorImpl.invoke(DelegatingMethodAccessorImpl.java:43)
	at java.base/java.lang.reflect.Method.invoke(Method.java:568)
	at org.gradle.internal.dispatch.ReflectionDispatch.dispatch(ReflectionDispatch.java:36)
	at org.gradle.internal.dispatch.ReflectionDispatch.dispatch(ReflectionDispatch.java:24)
	at org.gradle.internal.dispatch.ContextClassLoaderDispatch.dispatch(ContextClassLoaderDispatch.java:33)
	at org.gradle.internal.dispatch.ProxyDispatchAdapter$DispatchingInvocationHandler.invoke(ProxyDispatchAdapter.java:94)
	at jdk.proxy1/jdk.proxy1.$Proxy2.stop(Unknown Source)
	at org.gradle.api.internal.tasks.testing.worker.TestWorker$3.run(TestWorker.java:193)
	at org.gradle.api.internal.tasks.testing.worker.TestWorker.executeAndMaintainThreadName(TestWorker.java:129)
	at org.gradle.api.internal.tasks.testing.worker.TestWorker.execute(TestWorker.java:100)
	at org.gradle.api.internal.tasks.testing.worker.TestWorker.execute(TestWorker.java:60)
	at org.gradle.process.internal.worker.child.ActionExecutionWorker.execute(ActionExecutionWorker.java:56)
	at org.gradle.process.internal.worker.child.SystemApplicationClassLoaderWorker.call(SystemApplicationClassLoaderWorker.java:113)
	at org.gradle.process.internal.worker.child.SystemApplicationClassLoaderWorker.call(SystemApplicationClassLoaderWorker.java:65)
	at worker.org.gradle.process.internal.worker.GradleWorkerMain.run(GradleWorkerMain.java:69)
	at worker.org.gradle.process.internal.worker.GradleWorkerMain.main(GradleWorkerMain.java:74)
Caused by: org.testcontainers.containers.ContainerLaunchException: Timed out waiting for container port to open (localhost ports: [8080, 57162] should be listening)
	at app//org.testcontainers.containers.wait.strategy.HostPortWaitStrategy.waitUntilReady(HostPortWaitStrategy.java:101)
	at app//org.testcontainers.containers.wait.strategy.AbstractWaitStrategy.waitUntilReady(AbstractWaitStrategy.java:52)
	at app//org.testcontainers.containers.wait.strategy.WaitAllStrategy.waitUntilNestedStrategiesAreReady(WaitAllStrategy.java:66)
	at app//org.testcontainers.containers.wait.strategy.WaitAllStrategy.lambda$waitUntilReady$0(WaitAllStrategy.java:58)
	at java.base@17.0.6/java.util.concurrent.Executors$RunnableAdapter.call(Executors.java:539)
	at java.base@17.0.6/java.util.concurrent.FutureTask.run(FutureTask.java:264)
	at java.base@17.0.6/java.util.concurrent.ThreadPoolExecutor.runWorker(ThreadPoolExecutor.java:1136)
	at java.base@17.0.6/java.util.concurrent.ThreadPoolExecutor$Worker.run(ThreadPoolExecutor.java:635)
	at java.base@17.0.6/java.lang.Thread.run(Thread.java:833)
</failure>
  </testcase>
  <system-out><![CDATA[13:51:21.055 [Test worker] DEBUG org.springframework.boot.test.context.SpringBootTestContextBootstrapper -- Neither @ContextConfiguration nor @ContextHierarchy found for test class [AggregationIntegrationTest]: using SpringBootContextLoader
13:51:21.059 [Test worker] DEBUG org.springframework.test.context.support.AbstractContextLoader -- Could not detect default resource locations for test class [com.fedex.aggregation.service.AggregationIntegrationTest]: no resource found for suffixes {-context.xml, Context.groovy}.
13:51:21.059 [Test worker] INFO org.springframework.test.context.support.AnnotationConfigContextLoaderUtils -- Could not detect default configuration classes for test class [com.fedex.aggregation.service.AggregationIntegrationTest]: AggregationIntegrationTest does not declare any static, non-private, non-final, nested classes annotated with @Configuration.
13:51:21.216 [Test worker] DEBUG org.springframework.boot.test.context.SpringBootTestContextBootstrapper -- Using ContextCustomizers for test class [AggregationIntegrationTest]: [MockkContextCustomizer, DisableObservabilityContextCustomizer, PropertyMappingContextCustomizer, Customizer, ExcludeFilterContextCustomizer, DuplicateJsonObjectContextCustomizer, MockitoContextCustomizer, TestRestTemplateContextCustomizer, WebTestClientContextCustomizer]
13:51:21.247 [Test worker] DEBUG org.springframework.context.annotation.ClassPathScanningCandidateComponentProvider -- Identified candidate component class: file [/Users/ferhatbahceci/projects/private/tmp/aggregation-service/build/classes/java/main/com/fedex/aggregation/service/Application.class]
13:51:21.249 [Test worker] INFO org.springframework.boot.test.context.SpringBootTestContextBootstrapper -- Found @SpringBootConfiguration com.fedex.aggregation.service.Application for test class com.fedex.aggregation.service.AggregationIntegrationTest
13:51:21.291 [Test worker] DEBUG org.springframework.test.context.util.TestContextSpringFactoriesUtils -- Skipping candidate TestExecutionListener [org.springframework.test.context.web.ServletTestExecutionListener] due to a missing dependency. Specify custom TestExecutionListener classes or make the default TestExecutionListener classes and their required dependencies available. Offending class: [jakarta/servlet/ServletContext]
13:51:21.293 [Test worker] DEBUG org.springframework.test.context.util.TestContextSpringFactoriesUtils -- Skipping candidate TestExecutionListener [org.springframework.test.context.transaction.TransactionalTestExecutionListener] due to a missing dependency. Specify custom TestExecutionListener classes or make the default TestExecutionListener classes and their required dependencies available. Offending class: [org/springframework/transaction/interceptor/TransactionAttributeSource]
13:51:21.294 [Test worker] DEBUG org.springframework.test.context.util.TestContextSpringFactoriesUtils -- Skipping candidate TestExecutionListener [org.springframework.test.context.jdbc.SqlScriptsTestExecutionListener] due to a missing dependency. Specify custom TestExecutionListener classes or make the default TestExecutionListener classes and their required dependencies available. Offending class: [org/springframework/transaction/interceptor/TransactionAttribute]
13:51:21.295 [Test worker] DEBUG org.springframework.boot.test.context.SpringBootTestContextBootstrapper -- Using TestExecutionListeners for test class [AggregationIntegrationTest]: [DirtiesContextBeforeModesTestExecutionListener, ApplicationEventsTestExecutionListener, MockkTestExecutionListener, MockitoTestExecutionListener, DependencyInjectionTestExecutionListener, DirtiesContextTestExecutionListener, EventPublishingTestExecutionListener, ClearMocksTestExecutionListener, RestDocsTestExecutionListener, MockRestServiceServerResetTestExecutionListener, MockMvcPrintOnlyOnFailureTestExecutionListener, WebDriverTestExecutionListener, MockWebServiceServerTestExecutionListener, ResetMocksTestExecutionListener]
13:51:21.295 [Test worker] DEBUG org.springframework.test.context.support.AbstractDirtiesContextTestExecutionListener -- Before test class: class [AggregationIntegrationTest], class annotated with @DirtiesContext [false] with mode [null]
13:51:21.314 [Test worker] DEBUG org.testcontainers.utility.TestcontainersConfiguration -- Testcontainers configuration overrides will be loaded from file:/Users/ferhatbahceci/.testcontainers.properties
13:51:21.316 [Test worker] INFO org.testcontainers.utility.ImageNameSubstitutor -- Image name substitution will be performed by: DefaultImageNameSubstitutor (composite of 'ConfigurationFileImageNameSubstitutor' and 'PrefixingImageNameSubstitutor')
13:51:21.343 [Test worker] DEBUG org.testcontainers.containers.ParsedDockerComposeFile -- Resolved dependency image for Docker Compose in /Users/ferhatbahceci/projects/private/tmp/aggregation-service/docker-compose.yml: xyzassessment/backend-services
13:51:21.361 [Test worker] DEBUG reactor.util.Loggers -- Using Slf4j logging framework
13:51:21.372 [Test worker] DEBUG io.netty.util.internal.logging.InternalLoggerFactory -- Using SLF4J as the default logging framework
13:51:21.373 [Test worker] DEBUG io.netty.util.internal.PlatformDependent0 -- -Dio.netty.noUnsafe: false
13:51:21.373 [Test worker] DEBUG io.netty.util.internal.PlatformDependent0 -- Java version: 17
13:51:21.374 [Test worker] DEBUG io.netty.util.internal.PlatformDependent0 -- sun.misc.Unsafe.theUnsafe: available
13:51:21.374 [Test worker] DEBUG io.netty.util.internal.PlatformDependent0 -- sun.misc.Unsafe.copyMemory: available
13:51:21.374 [Test worker] DEBUG io.netty.util.internal.PlatformDependent0 -- sun.misc.Unsafe.storeFence: available
13:51:21.374 [Test worker] DEBUG io.netty.util.internal.PlatformDependent0 -- java.nio.Buffer.address: available
13:51:21.375 [Test worker] DEBUG io.netty.util.internal.PlatformDependent0 -- direct buffer constructor: unavailable: Reflective setAccessible(true) disabled
13:51:21.375 [Test worker] DEBUG io.netty.util.internal.PlatformDependent0 -- java.nio.Bits.unaligned: available, true
13:51:21.376 [Test worker] DEBUG io.netty.util.internal.PlatformDependent0 -- jdk.internal.misc.Unsafe.allocateUninitializedArray(int): unavailable: class io.netty.util.internal.PlatformDependent0$7 cannot access class jdk.internal.misc.Unsafe (in module java.base) because module java.base does not export jdk.internal.misc to unnamed module @295cf707
13:51:21.376 [Test worker] DEBUG io.netty.util.internal.PlatformDependent0 -- java.nio.DirectByteBuffer.<init>(long, int): unavailable
13:51:21.376 [Test worker] DEBUG io.netty.util.internal.PlatformDependent -- sun.misc.Unsafe: available
13:51:21.380 [Test worker] DEBUG io.netty.util.internal.PlatformDependent -- maxDirectMemory: 536870912 bytes (maybe)
13:51:21.381 [Test worker] DEBUG io.netty.util.internal.PlatformDependent -- -Dio.netty.tmpdir: /var/folders/mr/khzp_70s0210rwm6hnyv0kq80000gn/T (java.io.tmpdir)
13:51:21.381 [Test worker] DEBUG io.netty.util.internal.PlatformDependent -- -Dio.netty.bitMode: 64 (sun.arch.data.model)
13:51:21.381 [Test worker] DEBUG io.netty.util.internal.PlatformDependent -- Platform: MacOS
13:51:21.381 [Test worker] DEBUG io.netty.util.internal.PlatformDependent -- -Dio.netty.maxDirectMemory: -1 bytes
13:51:21.381 [Test worker] DEBUG io.netty.util.internal.PlatformDependent -- -Dio.netty.uninitializedArrayAllocationThreshold: -1
13:51:21.382 [Test worker] DEBUG io.netty.util.internal.CleanerJava9 -- java.nio.ByteBuffer.cleaner(): available
13:51:21.382 [Test worker] DEBUG io.netty.util.internal.PlatformDependent -- -Dio.netty.noPreferDirect: false
13:51:21.394 [Test worker] DEBUG io.netty.util.internal.InternalThreadLocalMap -- -Dio.netty.threadLocalMap.stringBuilder.initialSize: 1024
13:51:21.394 [Test worker] DEBUG io.netty.util.internal.InternalThreadLocalMap -- -Dio.netty.threadLocalMap.stringBuilder.maxSize: 4096
13:51:21.408 [Test worker] DEBUG io.netty.util.ResourceLeakDetector -- -Dio.netty.leakDetection.level: simple
13:51:21.408 [Test worker] DEBUG io.netty.util.ResourceLeakDetector -- -Dio.netty.leakDetection.targetRecords: 4
13:51:21.633 [Test worker] DEBUG org.springframework.test.context.support.DependencyInjectionTestExecutionListener -- Performing dependency injection for test class com.fedex.aggregation.service.AggregationIntegrationTest

  .   ____          _            __ _ _
 /\\ / ___'_ __ _ _(_)_ __  __ _ \ \ \ \
( ( )\___ | '_ | '_| | '_ \/ _` | \ \ \ \
 \\/  ___)| |_)| | | | | || (_| |  ) ) ) )
  '  |____| .__|_| |_|_| |_\__, | / / / /
 =========|_|==============|___/=/_/_/_/
 :: Spring Boot ::                (v3.0.5)

2023-04-22T13:51:21.775+02:00  INFO 77952 --- [    Test worker] c.f.a.s.AggregationIntegrationTest       : Starting AggregationIntegrationTest using Java 17.0.6 with PID 77952 (started by ferhatbahceci in /Users/ferhatbahceci/projects/private/tmp/aggregation-service)
2023-04-22T13:51:21.776+02:00  INFO 77952 --- [    Test worker] c.f.a.s.AggregationIntegrationTest       : The following 1 profile is active: "local"
2023-04-22T13:51:22.330+02:00  INFO 77952 --- [    Test worker] o.s.b.web.embedded.netty.NettyWebServer  : Netty started on port 57088
2023-04-22T13:51:22.335+02:00  INFO 77952 --- [    Test worker] c.f.a.s.AggregationIntegrationTest       : Started AggregationIntegrationTest in 0.692 seconds (process running for 1.761)
2023-04-22T13:51:22.608+02:00  INFO 77952 --- [    Test worker] o.t.d.DockerClientProviderStrategy       : Loaded org.testcontainers.dockerclient.UnixSocketClientProviderStrategy from ~/.testcontainers.properties, will try it first
2023-04-22T13:51:22.745+02:00  INFO 77952 --- [    Test worker] o.t.d.DockerClientProviderStrategy       : Found Docker environment with local Unix socket (unix:///var/run/docker.sock)
2023-04-22T13:51:22.746+02:00  INFO 77952 --- [    Test worker] org.testcontainers.DockerClientFactory   : Docker host IP address is localhost
2023-04-22T13:51:22.760+02:00  INFO 77952 --- [    Test worker] org.testcontainers.DockerClientFactory   : Connected to docker: 
  Server Version: 20.10.23
  API Version: 1.41
  Operating System: Docker Desktop
  Total Memory: 7851 MB
2023-04-22T13:51:22.760+02:00  INFO 77952 --- [    Test worker] o.t.utility.RyukResourceReaper           : Ryuk started - will monitor and terminate Testcontainers containers on JVM exit
2023-04-22T13:51:22.760+02:00  INFO 77952 --- [    Test worker] org.testcontainers.DockerClientFactory   : Checking the system...
2023-04-22T13:51:22.760+02:00  INFO 77952 --- [    Test worker] org.testcontainers.DockerClientFactory   : ?? Docker server version should be at least 1.6.0
2023-04-22T13:51:22.770+02:00  INFO 77952 --- [    Test worker] tc.testcontainers/ryuk:0.4.0             : Pulling docker image: testcontainers/ryuk:0.4.0. Please be patient; this may take some time but only needs to be done once.
2023-04-22T13:51:24.995+02:00  INFO 77952 --- [tream-279325628] tc.testcontainers/ryuk:0.4.0             : Starting to pull image
2023-04-22T13:51:25.019+02:00  INFO 77952 --- [tream-279325628] tc.testcontainers/ryuk:0.4.0             : Pulling image layers:  0 pending,  0 downloaded,  0 extracted, (0 bytes/0 bytes)
2023-04-22T13:51:26.131+02:00  INFO 77952 --- [tream-279325628] tc.testcontainers/ryuk:0.4.0             : Pulling image layers:  2 pending,  1 downloaded,  0 extracted, (318 KB/? MB)
2023-04-22T13:51:26.170+02:00  INFO 77952 --- [tream-279325628] tc.testcontainers/ryuk:0.4.0             : Pulling image layers:  1 pending,  2 downloaded,  0 extracted, (2 MB/? MB)
2023-04-22T13:51:26.255+02:00  INFO 77952 --- [tream-279325628] tc.testcontainers/ryuk:0.4.0             : Pulling image layers:  1 pending,  2 downloaded,  1 extracted, (3 MB/? MB)
2023-04-22T13:51:26.289+02:00  INFO 77952 --- [tream-279325628] tc.testcontainers/ryuk:0.4.0             : Pulling image layers:  0 pending,  3 downloaded,  1 extracted, (3 MB/5 MB)
2023-04-22T13:51:26.307+02:00  INFO 77952 --- [tream-279325628] tc.testcontainers/ryuk:0.4.0             : Pulling image layers:  0 pending,  3 downloaded,  2 extracted, (3 MB/5 MB)
2023-04-22T13:51:26.380+02:00  INFO 77952 --- [tream-279325628] tc.testcontainers/ryuk:0.4.0             : Pulling image layers:  0 pending,  3 downloaded,  3 extracted, (5 MB/5 MB)
2023-04-22T13:51:26.384+02:00  INFO 77952 --- [tream-279325628] tc.testcontainers/ryuk:0.4.0             : Pull complete. 3 layers, pulled in 1s (downloaded 5 MB at 5 MB/s)
2023-04-22T13:51:26.412+02:00  INFO 77952 --- [    Test worker] tc.testcontainers/ryuk:0.4.0             : Creating container for image: testcontainers/ryuk:0.4.0
2023-04-22T13:51:26.471+02:00  INFO 77952 --- [    Test worker] tc.testcontainers/ryuk:0.4.0             : Container testcontainers/ryuk:0.4.0 is starting: d37ce39ea5befe8b403937947699c6b47a93368aa7fa791a0219039f0bbeba18
2023-04-22T13:51:26.684+02:00  INFO 77952 --- [    Test worker] tc.testcontainers/ryuk:0.4.0             : Container testcontainers/ryuk:0.4.0 started in PT3.923848S
2023-04-22T13:51:26.688+02:00  INFO 77952 --- [    Test worker] o.t.containers.DockerComposeContainer    : Preemptively checking local images for 'xyzassessment/backend-services:latest', referenced via a compose file or transitive Dockerfile. If not available, it will be pulled.
2023-04-22T13:51:26.690+02:00  INFO 77952 --- [    Test worker] t.xyzassessment/backend-services:latest  : Pulling docker image: xyzassessment/backend-services:latest. Please be patient; this may take some time but only needs to be done once.
2023-04-22T13:51:28.276+02:00  INFO 77952 --- [eam--1684142538] t.xyzassessment/backend-services:latest  : Starting to pull image
2023-04-22T13:51:28.279+02:00  INFO 77952 --- [eam--1684142538] t.xyzassessment/backend-services:latest  : Pulling image layers:  0 pending,  0 downloaded,  0 extracted, (0 bytes/0 bytes)
2023-04-22T13:51:29.401+02:00  INFO 77952 --- [eam--1684142538] t.xyzassessment/backend-services:latest  : Pulling image layers:  8 pending,  1 downloaded,  0 extracted, (20 MB/? MB)
2023-04-22T13:51:29.577+02:00  INFO 77952 --- [eam--1684142538] t.xyzassessment/backend-services:latest  : Pulling image layers:  7 pending,  2 downloaded,  0 extracted, (29 MB/? MB)
2023-04-22T13:51:30.051+02:00  INFO 77952 --- [eam--1684142538] t.xyzassessment/backend-services:latest  : Pulling image layers:  6 pending,  3 downloaded,  0 extracted, (55 MB/? MB)
2023-04-22T13:51:30.200+02:00  INFO 77952 --- [eam--1684142538] t.xyzassessment/backend-services:latest  : Pulling image layers:  5 pending,  4 downloaded,  0 extracted, (55 MB/? MB)
2023-04-22T13:51:30.493+02:00  INFO 77952 --- [eam--1684142538] t.xyzassessment/backend-services:latest  : Pulling image layers:  4 pending,  5 downloaded,  0 extracted, (57 MB/? MB)
2023-04-22T13:51:30.678+02:00  INFO 77952 --- [eam--1684142538] t.xyzassessment/backend-services:latest  : Pulling image layers:  4 pending,  5 downloaded,  1 extracted, (58 MB/? MB)
2023-04-22T13:51:30.839+02:00  INFO 77952 --- [eam--1684142538] t.xyzassessment/backend-services:latest  : Pulling image layers:  4 pending,  5 downloaded,  2 extracted, (59 MB/? MB)
2023-04-22T13:51:30.917+02:00  INFO 77952 --- [eam--1684142538] t.xyzassessment/backend-services:latest  : Pulling image layers:  4 pending,  5 downloaded,  3 extracted, (60 MB/? MB)
2023-04-22T13:51:31.012+02:00  INFO 77952 --- [eam--1684142538] t.xyzassessment/backend-services:latest  : Pulling image layers:  4 pending,  5 downloaded,  4 extracted, (62 MB/? MB)
2023-04-22T13:51:31.049+02:00  INFO 77952 --- [eam--1684142538] t.xyzassessment/backend-services:latest  : Pulling image layers:  4 pending,  5 downloaded,  5 extracted, (62 MB/? MB)
2023-04-22T13:51:31.210+02:00  INFO 77952 --- [eam--1684142538] t.xyzassessment/backend-services:latest  : Pulling image layers:  3 pending,  6 downloaded,  5 extracted, (63 MB/? MB)
2023-04-22T13:51:31.841+02:00  INFO 77952 --- [eam--1684142538] t.xyzassessment/backend-services:latest  : Pulling image layers:  2 pending,  7 downloaded,  5 extracted, (97 MB/? MB)
2023-04-22T13:51:32.064+02:00  INFO 77952 --- [eam--1684142538] t.xyzassessment/backend-services:latest  : Pulling image layers:  1 pending,  8 downloaded,  5 extracted, (104 MB/? MB)
2023-04-22T13:51:32.305+02:00  INFO 77952 --- [eam--1684142538] t.xyzassessment/backend-services:latest  : Pulling image layers:  0 pending,  9 downloaded,  5 extracted, (114 MB/118 MB)
2023-04-22T13:51:32.795+02:00  INFO 77952 --- [eam--1684142538] t.xyzassessment/backend-services:latest  : Pulling image layers:  0 pending,  9 downloaded,  6 extracted, (117 MB/118 MB)
2023-04-22T13:51:32.907+02:00  INFO 77952 --- [eam--1684142538] t.xyzassessment/backend-services:latest  : Pulling image layers:  0 pending,  9 downloaded,  7 extracted, (118 MB/118 MB)
2023-04-22T13:51:32.943+02:00  INFO 77952 --- [eam--1684142538] t.xyzassessment/backend-services:latest  : Pulling image layers:  0 pending,  9 downloaded,  8 extracted, (118 MB/118 MB)
2023-04-22T13:51:32.978+02:00  INFO 77952 --- [eam--1684142538] t.xyzassessment/backend-services:latest  : Pulling image layers:  0 pending,  9 downloaded,  9 extracted, (118 MB/118 MB)
2023-04-22T13:51:32.982+02:00  INFO 77952 --- [eam--1684142538] t.xyzassessment/backend-services:latest  : Pull complete. 9 layers, pulled in 4s (downloaded 118 MB at 29 MB/s)
2023-04-22T13:51:33.000+02:00  INFO 77952 --- [    Test worker] tc.docker/compose:1.29.2                 : Pulling docker image: docker/compose:1.29.2. Please be patient; this may take some time but only needs to be done once.
2023-04-22T13:51:34.265+02:00  INFO 77952 --- [ream--102233613] tc.docker/compose:1.29.2                 : Starting to pull image
2023-04-22T13:51:34.268+02:00  INFO 77952 --- [ream--102233613] tc.docker/compose:1.29.2                 : Pulling image layers:  0 pending,  0 downloaded,  0 extracted, (0 bytes/0 bytes)
2023-04-22T13:51:39.805+02:00  INFO 77952 --- [ream--102233613] tc.docker/compose:1.29.2                 : Pulling image layers:  3 pending,  1 downloaded,  0 extracted, (196 KB/? MB)
2023-04-22T13:51:40.108+02:00  INFO 77952 --- [ream--102233613] tc.docker/compose:1.29.2                 : Pulling image layers:  2 pending,  2 downloaded,  0 extracted, (12 MB/? MB)
2023-04-22T13:51:40.186+02:00  INFO 77952 --- [ream--102233613] tc.docker/compose:1.29.2                 : Pulling image layers:  2 pending,  2 downloaded,  1 extracted, (13 MB/? MB)
2023-04-22T13:51:40.188+02:00  INFO 77952 --- [ream--102233613] tc.docker/compose:1.29.2                 : Pulling image layers:  1 pending,  3 downloaded,  1 extracted, (13 MB/? MB)
2023-04-22T13:51:40.219+02:00  INFO 77952 --- [ream--102233613] tc.docker/compose:1.29.2                 : Pulling image layers:  1 pending,  3 downloaded,  2 extracted, (13 MB/? MB)
2023-04-22T13:51:40.462+02:00  INFO 77952 --- [ream--102233613] tc.docker/compose:1.29.2                 : Pulling image layers:  1 pending,  3 downloaded,  3 extracted, (19 MB/? MB)
2023-04-22T13:51:40.825+02:00  INFO 77952 --- [ream--102233613] tc.docker/compose:1.29.2                 : Pulling image layers:  0 pending,  4 downloaded,  3 extracted, (23 MB/27 MB)
2023-04-22T13:51:40.901+02:00  INFO 77952 --- [ream--102233613] tc.docker/compose:1.29.2                 : Pulling image layers:  0 pending,  4 downloaded,  4 extracted, (27 MB/27 MB)
2023-04-22T13:51:40.905+02:00  INFO 77952 --- [ream--102233613] tc.docker/compose:1.29.2                 : Pull complete. 4 layers, pulled in 6s (downloaded 27 MB at 4 MB/s)
2023-04-22T13:51:40.911+02:00  INFO 77952 --- [    Test worker] tc.docker/compose:1.29.2                 : Creating container for image: docker/compose:1.29.2
2023-04-22T13:51:40.916+02:00  INFO 77952 --- [    Test worker] tc.alpine:3.16                           : Pulling docker image: alpine:3.16. Please be patient; this may take some time but only needs to be done once.
2023-04-22T13:51:43.192+02:00  INFO 77952 --- [tream--75096759] tc.alpine:3.16                           : Starting to pull image
2023-04-22T13:51:43.195+02:00  INFO 77952 --- [tream--75096759] tc.alpine:3.16                           : Pulling image layers:  0 pending,  0 downloaded,  0 extracted, (0 bytes/0 bytes)
2023-04-22T13:51:43.830+02:00  INFO 77952 --- [tream--75096759] tc.alpine:3.16                           : Pulling image layers:  0 pending,  1 downloaded,  0 extracted, (1 MB/2 MB)
2023-04-22T13:51:43.914+02:00  INFO 77952 --- [tream--75096759] tc.alpine:3.16                           : Pulling image layers:  0 pending,  1 downloaded,  1 extracted, (2 MB/2 MB)
2023-04-22T13:51:44.435+02:00  INFO 77952 --- [    Test worker] tc.docker/compose:1.29.2                 : Container docker/compose:1.29.2 is starting: 77e8a9f2727be5e3bd44c4a352bd1b4c82d52f87455236a6561324e544fc5cbd
2023-04-22T13:51:44.618+02:00  WARN 77952 --- [    Test worker] tc.docker/compose:1.29.2                 : The architecture 'amd64' for image 'docker/compose:1.29.2' (ID sha256:32d8a4638cd83922fdd94cadf4f1850b595d29757488c73adf05f4b99ebd1318) does not match the Docker server architecture 'arm64'. This will cause the container to execute much more slowly due to emulation and may lead to timeout failures.
2023-04-22T13:51:48.580+02:00  INFO 77952 --- [    Test worker] tc.docker/compose:1.29.2                 : Container docker/compose:1.29.2 started in PT7.669647S
2023-04-22T13:51:48.583+02:00  INFO 77952 --- [    Test worker] tc.docker/compose:1.29.2                 : Docker Compose container is running for command: up -d
2023-04-22T13:51:48.586+02:00  INFO 77952 --- [tream-251376850] tc.docker/compose:1.29.2                 : STDERR: Creating network "1gvce8ahhrga_default" with the default driver
2023-04-22T13:51:48.586+02:00  INFO 77952 --- [tream-251376850] tc.docker/compose:1.29.2                 : STDERR: Creating 1gvce8ahhrga_fedex_1 ... 
2023-04-22T13:51:48.586+02:00  INFO 77952 --- [tream-251376850] tc.docker/compose:1.29.2                 : STDERR: Creating 1gvce8ahhrga_fedex_1 ... done
2023-04-22T13:51:48.588+02:00  INFO 77952 --- [    Test worker] tc.docker/compose:1.29.2                 : Docker Compose has finished running
2023-04-22T13:51:48.596+02:00  INFO 77952 --- [    Test worker] tc.alpine/socat:1.7.4.3-r0               : Pulling docker image: alpine/socat:1.7.4.3-r0. Please be patient; this may take some time but only needs to be done once.
2023-04-22T13:51:50.218+02:00  INFO 77952 --- [eam--1155755250] tc.alpine/socat:1.7.4.3-r0               : Starting to pull image
2023-04-22T13:51:50.219+02:00  INFO 77952 --- [eam--1155755250] tc.alpine/socat:1.7.4.3-r0               : Pulling image layers:  0 pending,  0 downloaded,  0 extracted, (0 bytes/0 bytes)
2023-04-22T13:51:51.255+02:00  INFO 77952 --- [eam--1155755250] tc.alpine/socat:1.7.4.3-r0               : Pulling image layers:  1 pending,  1 downloaded,  0 extracted, (591 KB/? MB)
2023-04-22T13:51:51.413+02:00  INFO 77952 --- [eam--1155755250] tc.alpine/socat:1.7.4.3-r0               : Pulling image layers:  0 pending,  2 downloaded,  0 extracted, (1 MB/3 MB)
2023-04-22T13:51:51.483+02:00  INFO 77952 --- [eam--1155755250] tc.alpine/socat:1.7.4.3-r0               : Pulling image layers:  0 pending,  2 downloaded,  1 extracted, (3 MB/3 MB)
2023-04-22T13:51:51.526+02:00  INFO 77952 --- [eam--1155755250] tc.alpine/socat:1.7.4.3-r0               : Pulling image layers:  0 pending,  2 downloaded,  2 extracted, (3 MB/3 MB)
2023-04-22T13:51:51.535+02:00  INFO 77952 --- [eam--1155755250] tc.alpine/socat:1.7.4.3-r0               : Pull complete. 2 layers, pulled in 1s (downloaded 3 MB at 3 MB/s)
2023-04-22T13:51:51.539+02:00  INFO 77952 --- [    Test worker] tc.alpine/socat:1.7.4.3-r0               : Creating container for image: alpine/socat:1.7.4.3-r0
2023-04-22T13:51:51.581+02:00  INFO 77952 --- [    Test worker] tc.alpine/socat:1.7.4.3-r0               : Container alpine/socat:1.7.4.3-r0 is starting: 7ee8c90b741374b62288d7f02de72e4099508c6be38b8853abe0bcbe4b5deece
2023-04-22T13:51:51.849+02:00  INFO 77952 --- [    Test worker] tc.alpine/socat:1.7.4.3-r0               : Container alpine/socat:1.7.4.3-r0 started in PT3.254771S
2023-04-22T13:52:51.883+02:00  INFO 77952 --- [    Test worker] o.t.containers.DockerComposeContainer    : Preemptively checking local images for 'xyzassessment/backend-services:latest', referenced via a compose file or transitive Dockerfile. If not available, it will be pulled.
2023-04-22T13:52:51.883+02:00  INFO 77952 --- [    Test worker] tc.docker/compose:1.29.2                 : Creating container for image: docker/compose:1.29.2
2023-04-22T13:52:51.913+02:00  INFO 77952 --- [    Test worker] tc.docker/compose:1.29.2                 : Container docker/compose:1.29.2 is starting: 56d5b59e291a748e25115f22f99f7a2261ea4a3c6ea557820cd7eaf0430f2e0c
2023-04-22T13:52:52.097+02:00  WARN 77952 --- [    Test worker] tc.docker/compose:1.29.2                 : The architecture 'amd64' for image 'docker/compose:1.29.2' (ID sha256:32d8a4638cd83922fdd94cadf4f1850b595d29757488c73adf05f4b99ebd1318) does not match the Docker server architecture 'arm64'. This will cause the container to execute much more slowly due to emulation and may lead to timeout failures.
2023-04-22T13:52:56.161+02:00  INFO 77952 --- [    Test worker] tc.docker/compose:1.29.2                 : Container docker/compose:1.29.2 started in PT4.278085S
2023-04-22T13:52:56.162+02:00  INFO 77952 --- [    Test worker] tc.docker/compose:1.29.2                 : Docker Compose container is running for command: up -d
2023-04-22T13:52:56.163+02:00  INFO 77952 --- [ream-1811636381] tc.docker/compose:1.29.2                 : STDERR: 1gvce8ahhrga_fedex_1 is up-to-date
2023-04-22T13:52:56.166+02:00  INFO 77952 --- [    Test worker] tc.docker/compose:1.29.2                 : Docker Compose has finished running
2023-04-22T13:53:56.184+02:00  INFO 77952 --- [    Test worker] o.t.containers.DockerComposeContainer    : Preemptively checking local images for 'xyzassessment/backend-services:latest', referenced via a compose file or transitive Dockerfile. If not available, it will be pulled.
2023-04-22T13:53:56.184+02:00  INFO 77952 --- [    Test worker] tc.docker/compose:1.29.2                 : Creating container for image: docker/compose:1.29.2
2023-04-22T13:53:56.212+02:00  INFO 77952 --- [    Test worker] tc.docker/compose:1.29.2                 : Container docker/compose:1.29.2 is starting: 21a800f1669833f345ad59913767e738606cc255e92fda1000745fd9d068216f
2023-04-22T13:53:56.403+02:00  WARN 77952 --- [    Test worker] tc.docker/compose:1.29.2                 : The architecture 'amd64' for image 'docker/compose:1.29.2' (ID sha256:32d8a4638cd83922fdd94cadf4f1850b595d29757488c73adf05f4b99ebd1318) does not match the Docker server architecture 'arm64'. This will cause the container to execute much more slowly due to emulation and may lead to timeout failures.
2023-04-22T13:54:00.315+02:00  INFO 77952 --- [    Test worker] tc.docker/compose:1.29.2                 : Container docker/compose:1.29.2 started in PT4.130967S
2023-04-22T13:54:00.315+02:00  INFO 77952 --- [    Test worker] tc.docker/compose:1.29.2                 : Docker Compose container is running for command: up -d
2023-04-22T13:54:00.319+02:00  INFO 77952 --- [ream-1016991364] tc.docker/compose:1.29.2                 : STDERR: 1gvce8ahhrga_fedex_1 is up-to-date
2023-04-22T13:54:00.321+02:00  INFO 77952 --- [    Test worker] tc.docker/compose:1.29.2                 : Docker Compose has finished running
2023-04-22T13:55:00.349+02:00  INFO 77952 --- [    Test worker] o.t.containers.DockerComposeContainer    : Preemptively checking local images for 'xyzassessment/backend-services:latest', referenced via a compose file or transitive Dockerfile. If not available, it will be pulled.
2023-04-22T13:55:00.350+02:00  INFO 77952 --- [    Test worker] tc.docker/compose:1.29.2                 : Creating container for image: docker/compose:1.29.2
2023-04-22T13:55:00.381+02:00  INFO 77952 --- [    Test worker] tc.docker/compose:1.29.2                 : Container docker/compose:1.29.2 is starting: 611c3c12c93803886878c264d8e355706dfd7ebe709e7044b6d365d7ae26a2c4
2023-04-22T13:55:00.564+02:00  WARN 77952 --- [    Test worker] tc.docker/compose:1.29.2                 : The architecture 'amd64' for image 'docker/compose:1.29.2' (ID sha256:32d8a4638cd83922fdd94cadf4f1850b595d29757488c73adf05f4b99ebd1318) does not match the Docker server architecture 'arm64'. This will cause the container to execute much more slowly due to emulation and may lead to timeout failures.
2023-04-22T13:55:04.441+02:00  INFO 77952 --- [    Test worker] tc.docker/compose:1.29.2                 : Container docker/compose:1.29.2 started in PT4.090905S
2023-04-22T13:55:04.442+02:00  INFO 77952 --- [    Test worker] tc.docker/compose:1.29.2                 : Docker Compose container is running for command: up -d
2023-04-22T13:55:04.444+02:00  INFO 77952 --- [tream-747961606] tc.docker/compose:1.29.2                 : STDERR: 1gvce8ahhrga_fedex_1 is up-to-date
2023-04-22T13:55:04.449+02:00  INFO 77952 --- [    Test worker] tc.docker/compose:1.29.2                 : Docker Compose has finished running
2023-04-22T13:56:04.463+02:00  INFO 77952 --- [    Test worker] o.t.containers.DockerComposeContainer    : Preemptively checking local images for 'xyzassessment/backend-services:latest', referenced via a compose file or transitive Dockerfile. If not available, it will be pulled.
2023-04-22T13:56:04.463+02:00  INFO 77952 --- [    Test worker] tc.docker/compose:1.29.2                 : Creating container for image: docker/compose:1.29.2
2023-04-22T13:56:04.491+02:00  INFO 77952 --- [    Test worker] tc.docker/compose:1.29.2                 : Container docker/compose:1.29.2 is starting: 9a42065c9961d9a54a384fea1807702c2df47a95640b80fc21f20471c9806a1e
2023-04-22T13:56:04.709+02:00  WARN 77952 --- [    Test worker] tc.docker/compose:1.29.2                 : The architecture 'amd64' for image 'docker/compose:1.29.2' (ID sha256:32d8a4638cd83922fdd94cadf4f1850b595d29757488c73adf05f4b99ebd1318) does not match the Docker server architecture 'arm64'. This will cause the container to execute much more slowly due to emulation and may lead to timeout failures.
2023-04-22T13:56:08.752+02:00  INFO 77952 --- [    Test worker] tc.docker/compose:1.29.2                 : Container docker/compose:1.29.2 started in PT4.289126S
2023-04-22T13:56:08.753+02:00  INFO 77952 --- [    Test worker] tc.docker/compose:1.29.2                 : Docker Compose container is running for command: up -d
2023-04-22T13:56:08.758+02:00  INFO 77952 --- [tream-654196912] tc.docker/compose:1.29.2                 : STDERR: 1gvce8ahhrga_fedex_1 is up-to-date
2023-04-22T13:56:08.758+02:00  INFO 77952 --- [    Test worker] tc.docker/compose:1.29.2                 : Docker Compose has finished running
2023-04-22T13:57:08.881+02:00  INFO 77952 --- [    Test worker] tc.docker/compose:1.29.2                 : Creating container for image: docker/compose:1.29.2
2023-04-22T13:57:08.908+02:00  INFO 77952 --- [    Test worker] tc.docker/compose:1.29.2                 : Container docker/compose:1.29.2 is starting: b6aa256a55512b34df70d3265753fec87f27ddb4bbe45050f5a902578b47517d
2023-04-22T13:57:09.112+02:00  WARN 77952 --- [    Test worker] tc.docker/compose:1.29.2                 : The architecture 'amd64' for image 'docker/compose:1.29.2' (ID sha256:32d8a4638cd83922fdd94cadf4f1850b595d29757488c73adf05f4b99ebd1318) does not match the Docker server architecture 'arm64'. This will cause the container to execute much more slowly due to emulation and may lead to timeout failures.
2023-04-22T13:57:23.364+02:00  INFO 77952 --- [    Test worker] tc.docker/compose:1.29.2                 : Container docker/compose:1.29.2 started in PT14.482909S
2023-04-22T13:57:23.365+02:00  INFO 77952 --- [    Test worker] tc.docker/compose:1.29.2                 : Docker Compose container is running for command: down -v
2023-04-22T13:57:23.367+02:00  INFO 77952 --- [ream-1532020106] tc.docker/compose:1.29.2                 : STDERR: Stopping 1gvce8ahhrga_fedex_1 ... 
2023-04-22T13:57:23.367+02:00  INFO 77952 --- [ream-1532020106] tc.docker/compose:1.29.2                 : STDERR: Stopping 1gvce8ahhrga_fedex_1 ... done
2023-04-22T13:57:23.367+02:00  INFO 77952 --- [ream-1532020106] tc.docker/compose:1.29.2                 : STDERR: Removing 1gvce8ahhrga_fedex_1 ... 
2023-04-22T13:57:23.367+02:00  INFO 77952 --- [ream-1532020106] tc.docker/compose:1.29.2                 : STDERR: Removing 1gvce8ahhrga_fedex_1 ... done
2023-04-22T13:57:23.367+02:00  INFO 77952 --- [ream-1532020106] tc.docker/compose:1.29.2                 : STDERR: Removing network 1gvce8ahhrga_default
2023-04-22T13:57:23.369+02:00  INFO 77952 --- [    Test worker] tc.docker/compose:1.29.2                 : Docker Compose has finished running
]]></system-out>
  <system-err><![CDATA[]]></system-err>
</testsuite>
